<?xml version="1.0" encoding="utf-8"?>
<CoverageSession>
  <Summary numSequencePoints="3943" visitedSequencePoints="956" numBranchPoints="566" visitedBranchPoints="154" sequenceCoverage="24.24" branchCoverage="27.2" maxCyclomaticComplexity="849" minCyclomaticComplexity="849" visitedClasses="79" numClasses="169" visitedMethods="234" numMethods="361" />
  <Modules>
    <Module hash="B0D50F8A-5C52-46F3-A12C-7432790417B1">
      <ModulePath>HealthAxis.API.dll</ModulePath>
      <ModuleTime>2026-06-18T11:23:08</ModuleTime>
      <ModuleName>HealthAxis.API</ModuleName>
      <Files>
        <File uid="1" fullPath="C:\Users\310511\source\repos\HealthAxis\HealthAxis.API\Program.cs" />
        <File uid="2" fullPath="C:\Users\310511\source\repos\HealthAxis\HealthAxis.API\obj\Debug\net10.0\Microsoft.AspNetCore.OpenApi.SourceGenerators\Microsoft.AspNetCore.OpenApi.SourceGenerators.XmlCommentGenerator\OpenApiXmlCommentSupport.generated.cs" />
        <File uid="3" fullPath="C:\Users\310511\source\repos\HealthAxis\HealthAxis.API\Validation\PracticeStartDateAttribute.cs" />
        <File uid="4" fullPath="C:\Users\310511\source\repos\HealthAxis\HealthAxis.API\Services\Impl\AdminService.cs" />
        <File uid="5" fullPath="C:\Users\310511\source\repos\HealthAxis\HealthAxis.API\Services\Impl\AppointmentService.cs" />
        <File uid="6" fullPath="C:\Users\310511\source\repos\HealthAxis\HealthAxis.API\Services\Impl\AuthService.cs" />
        <File uid="7" fullPath="C:\Users\310511\source\repos\HealthAxis\HealthAxis.API\Services\Impl\DoctorService.cs" />
        <File uid="8" fullPath="C:\Users\310511\source\repos\HealthAxis\HealthAxis.API\Services\Impl\HealthRecordService.cs" />
        <File uid="9" fullPath="C:\Users\310511\source\repos\HealthAxis\HealthAxis.API\Services\Impl\PatientService.cs" />
        <File uid="10" fullPath="C:\Users\310511\source\repos\HealthAxis\HealthAxis.API\Repositories\PagedResult.cs" />
        <File uid="11" fullPath="C:\Users\310511\source\repos\HealthAxis\HealthAxis.API\Repositories\Impl\AppointmentRepository.cs" />
        <File uid="12" fullPath="C:\Users\310511\source\repos\HealthAxis\HealthAxis.API\Repositories\Impl\DoctorRepository.cs" />
        <File uid="13" fullPath="C:\Users\310511\source\repos\HealthAxis\HealthAxis.API\Repositories\Impl\HealthRecordRepository.cs" />
        <File uid="14" fullPath="C:\Users\310511\source\repos\HealthAxis\HealthAxis.API\Repositories\Impl\PatientRepository.cs" />
        <File uid="15" fullPath="C:\Users\310511\source\repos\HealthAxis\HealthAxis.API\Repositories\Impl\Repository.cs" />
        <File uid="16" fullPath="C:\Users\310511\source\repos\HealthAxis\HealthAxis.API\Models\Appointment.cs" />
        <File uid="17" fullPath="C:\Users\310511\source\repos\HealthAxis\HealthAxis.API\Models\Doctor.cs" />
        <File uid="18" fullPath="C:\Users\310511\source\repos\HealthAxis\HealthAxis.API\Models\HealthRecord.cs" />
        <File uid="19" fullPath="C:\Users\310511\source\repos\HealthAxis\HealthAxis.API\Models\Patient.cs" />
        <File uid="20" fullPath="C:\Users\310511\source\repos\HealthAxis\HealthAxis.API\Migrations\20260617112732_Initial Migration but like fr.cs" />
        <File uid="21" fullPath="C:\Users\310511\source\repos\HealthAxis\HealthAxis.API\Migrations\20260617112732_Initial Migration but like fr.Designer.cs" />
        <File uid="22" fullPath="C:\Users\310511\source\repos\HealthAxis\HealthAxis.API\Migrations\20260618045538_Improvements.cs" />
        <File uid="23" fullPath="C:\Users\310511\source\repos\HealthAxis\HealthAxis.API\Migrations\20260618045538_Improvements.Designer.cs" />
        <File uid="24" fullPath="C:\Users\310511\source\repos\HealthAxis\HealthAxis.API\Migrations\HealthAxisDbContextModelSnapshot.cs" />
        <File uid="25" fullPath="C:\Users\310511\source\repos\HealthAxis\HealthAxis.API\Middlewares\GlobalExceptionHandler.cs" />
        <File uid="26" fullPath="C:\Users\310511\source\repos\HealthAxis\HealthAxis.API\Mappings\MappingProfile.cs" />
        <File uid="27" fullPath="C:\Users\310511\source\repos\HealthAxis\HealthAxis.API\Exceptions\AppException.cs" />
        <File uid="28" fullPath="C:\Users\310511\source\repos\HealthAxis\HealthAxis.API\Exceptions\BadRequestException.cs" />
        <File uid="29" fullPath="C:\Users\310511\source\repos\HealthAxis\HealthAxis.API\Exceptions\BusinessRuleException.cs" />
        <File uid="30" fullPath="C:\Users\310511\source\repos\HealthAxis\HealthAxis.API\Exceptions\ConflictException.cs" />
        <File uid="31" fullPath="C:\Users\310511\source\repos\HealthAxis\HealthAxis.API\Exceptions\ForbiddenException.cs" />
        <File uid="32" fullPath="C:\Users\310511\source\repos\HealthAxis\HealthAxis.API\Exceptions\NotFoundException.cs" />
        <File uid="33" fullPath="C:\Users\310511\source\repos\HealthAxis\HealthAxis.API\Dtos\Appointment\AppointmentDto.cs" />
        <File uid="34" fullPath="C:\Users\310511\source\repos\HealthAxis\HealthAxis.API\Dtos\Appointment\AppointmentHealthRecordReportDto.cs" />
        <File uid="35" fullPath="C:\Users\310511\source\repos\HealthAxis\HealthAxis.API\Dtos\Appointment\AppointmentReportDto.cs" />
        <File uid="36" fullPath="C:\Users\310511\source\repos\HealthAxis\HealthAxis.API\Dtos\Appointment\CreateAppointmentDto.cs" />
        <File uid="37" fullPath="C:\Users\310511\source\repos\HealthAxis\HealthAxis.API\Dtos\Appointment\UpdateAppointmentStatusDto.cs" />
        <File uid="38" fullPath="C:\Users\310511\source\repos\HealthAxis\HealthAxis.API\Dtos\Doctor\CreateDoctorDto.cs" />
        <File uid="39" fullPath="C:\Users\310511\source\repos\HealthAxis\HealthAxis.API\Dtos\Doctor\DoctorAvailabilityDto.cs" />
        <File uid="40" fullPath="C:\Users\310511\source\repos\HealthAxis\HealthAxis.API\Dtos\Doctor\DoctorDto.cs" />
        <File uid="41" fullPath="C:\Users\310511\source\repos\HealthAxis\HealthAxis.API\Dtos\Doctor\PublicDoctorDto.cs" />
        <File uid="42" fullPath="C:\Users\310511\source\repos\HealthAxis\HealthAxis.API\Dtos\Doctor\UpdateDoctorAvailabilityDto.cs" />
        <File uid="43" fullPath="C:\Users\310511\source\repos\HealthAxis\HealthAxis.API\Dtos\Doctor\UpdateDoctorDto.cs" />
        <File uid="44" fullPath="C:\Users\310511\source\repos\HealthAxis\HealthAxis.API\Dtos\ErrorResponseDto.cs" />
        <File uid="45" fullPath="C:\Users\310511\source\repos\HealthAxis\HealthAxis.API\Dtos\HealthRecord\CreateHealthRecordDto.cs" />
        <File uid="46" fullPath="C:\Users\310511\source\repos\HealthAxis\HealthAxis.API\Dtos\HealthRecord\HealthRecordDto.cs" />
        <File uid="47" fullPath="C:\Users\310511\source\repos\HealthAxis\HealthAxis.API\Dtos\PagedResultDto.cs" />
        <File uid="48" fullPath="C:\Users\310511\source\repos\HealthAxis\HealthAxis.API\Dtos\PaginationQueryDto.cs" />
        <File uid="49" fullPath="C:\Users\310511\source\repos\HealthAxis\HealthAxis.API\Dtos\Patient\PatientDto.cs" />
        <File uid="50" fullPath="C:\Users\310511\source\repos\HealthAxis\HealthAxis.API\Dtos\Patient\UpdatePatientDto.cs" />
        <File uid="51" fullPath="C:\Users\310511\source\repos\HealthAxis\HealthAxis.API\Dtos\Auth\AuthResponseDto.cs" />
        <File uid="52" fullPath="C:\Users\310511\source\repos\HealthAxis\HealthAxis.API\Dtos\Auth\LoginDto.cs" />
        <File uid="53" fullPath="C:\Users\310511\source\repos\HealthAxis\HealthAxis.API\Dtos\Auth\RefreshTokenRequestDto.cs" />
        <File uid="54" fullPath="C:\Users\310511\source\repos\HealthAxis\HealthAxis.API\Dtos\Auth\RegisterDto.cs" />
        <File uid="55" fullPath="C:\Users\310511\source\repos\HealthAxis\HealthAxis.API\Data\HealthAxisDbContext.cs" />
        <File uid="56" fullPath="C:\Users\310511\source\repos\HealthAxis\HealthAxis.API\Data\IdentityDataSeeder.cs" />
        <File uid="57" fullPath="C:\Users\310511\source\repos\HealthAxis\HealthAxis.API\Controllers\AdminController.cs" />
        <File uid="58" fullPath="C:\Users\310511\source\repos\HealthAxis\HealthAxis.API\Controllers\AppointmentsController.cs" />
        <File uid="59" fullPath="C:\Users\310511\source\repos\HealthAxis\HealthAxis.API\Controllers\AuthController.cs" />
        <File uid="60" fullPath="C:\Users\310511\source\repos\HealthAxis\HealthAxis.API\Controllers\DoctorsController.cs" />
        <File uid="61" fullPath="C:\Users\310511\source\repos\HealthAxis\HealthAxis.API\Controllers\HealthRecordsController.cs" />
        <File uid="62" fullPath="C:\Users\310511\source\repos\HealthAxis\HealthAxis.API\Controllers\PatientsController.cs" />
      </Files>
      <Classes>
        <Class>
          <Summary numSequencePoints="133" visitedSequencePoints="0" numBranchPoints="4" visitedBranchPoints="0" sequenceCoverage="0" branchCoverage="0" maxCyclomaticComplexity="4" minCyclomaticComplexity="4" visitedClasses="0" numClasses="1" visitedMethods="0" numMethods="1" />
          <FullName>Program/&lt;&lt;Main&gt;$&gt;d__0</FullName>
          <Methods>
            <Method cyclomaticComplexity="4" nPathComplexity="4" sequenceCoverage="0" branchCoverage="0" isConstructor="False" isGetter="False" isSetter="False" isStatic="True">
              <Summary numSequencePoints="133" visitedSequencePoints="0" numBranchPoints="4" visitedBranchPoints="0" sequenceCoverage="0" branchCoverage="0" maxCyclomaticComplexity="4" minCyclomaticComplexity="4" visitedClasses="0" numClasses="0" visitedMethods="0" numMethods="1" />
              <MetadataToken />
              <Name>System.Void Program/&lt;&lt;Main&gt;$&gt;d__0::MoveNext()</Name>
              <FileRef uid="1" />
              <SequencePoints>
                <SequencePoint vc="0" uspid="17" ordinal="0" sl="17" sc="1" el="17" ec="2" bec="0" bev="0" fileid="1" />
                <SequencePoint vc="0" uspid="19" ordinal="1" sl="19" sc="1" el="19" ec="2" bec="0" bev="0" fileid="1" />
                <SequencePoint vc="0" uspid="20" ordinal="2" sl="20" sc="1" el="20" ec="2" bec="0" bev="0" fileid="1" />
                <SequencePoint vc="0" uspid="21" ordinal="3" sl="21" sc="1" el="21" ec="2" bec="0" bev="0" fileid="1" />
                <SequencePoint vc="0" uspid="22" ordinal="4" sl="22" sc="1" el="22" ec="2" bec="0" bev="0" fileid="1" />
                <SequencePoint vc="0" uspid="23" ordinal="5" sl="23" sc="1" el="23" ec="2" bec="0" bev="0" fileid="1" />
                <SequencePoint vc="0" uspid="25" ordinal="6" sl="25" sc="1" el="25" ec="2" bec="0" bev="0" fileid="1" />
                <SequencePoint vc="0" uspid="27" ordinal="7" sl="27" sc="1" el="27" ec="2" bec="0" bev="0" fileid="1" />
                <SequencePoint vc="0" uspid="28" ordinal="8" sl="28" sc="1" el="28" ec="2" bec="0" bev="0" fileid="1" />
                <SequencePoint vc="0" uspid="29" ordinal="9" sl="29" sc="1" el="29" ec="2" bec="0" bev="0" fileid="1" />
                <SequencePoint vc="0" uspid="30" ordinal="10" sl="30" sc="1" el="30" ec="2" bec="0" bev="0" fileid="1" />
                <SequencePoint vc="0" uspid="31" ordinal="11" sl="31" sc="1" el="31" ec="2" bec="0" bev="0" fileid="1" />
                <SequencePoint vc="0" uspid="32" ordinal="12" sl="32" sc="1" el="32" ec="2" bec="0" bev="0" fileid="1" />
                <SequencePoint vc="0" uspid="33" ordinal="13" sl="33" sc="1" el="33" ec="2" bec="0" bev="0" fileid="1" />
                <SequencePoint vc="0" uspid="34" ordinal="14" sl="34" sc="1" el="34" ec="2" bec="0" bev="0" fileid="1" />
                <SequencePoint vc="0" uspid="35" ordinal="15" sl="35" sc="1" el="35" ec="2" bec="0" bev="0" fileid="1" />
                <SequencePoint vc="0" uspid="36" ordinal="16" sl="36" sc="1" el="36" ec="2" bec="0" bev="0" fileid="1" />
                <SequencePoint vc="0" uspid="37" ordinal="17" sl="37" sc="1" el="37" ec="2" bec="0" bev="0" fileid="1" />
                <SequencePoint vc="0" uspid="38" ordinal="18" sl="38" sc="1" el="38" ec="2" bec="0" bev="0" fileid="1" />
                <SequencePoint vc="0" uspid="39" ordinal="19" sl="39" sc="1" el="39" ec="2" bec="0" bev="0" fileid="1" />
                <SequencePoint vc="0" uspid="40" ordinal="20" sl="40" sc="1" el="40" ec="2" bec="0" bev="0" fileid="1" />
                <SequencePoint vc="0" uspid="41" ordinal="21" sl="41" sc="1" el="41" ec="2" bec="0" bev="0" fileid="1" />
                <SequencePoint vc="0" uspid="42" ordinal="22" sl="42" sc="1" el="42" ec="2" bec="0" bev="0" fileid="1" />
                <SequencePoint vc="0" uspid="43" ordinal="23" sl="43" sc="1" el="43" ec="2" bec="0" bev="0" fileid="1" />
                <SequencePoint vc="0" uspid="44" ordinal="24" sl="44" sc="1" el="44" ec="2" bec="0" bev="0" fileid="1" />
                <SequencePoint vc="0" uspid="45" ordinal="25" sl="45" sc="1" el="45" ec="2" bec="0" bev="0" fileid="1" />
                <SequencePoint vc="0" uspid="46" ordinal="26" sl="46" sc="1" el="46" ec="2" bec="0" bev="0" fileid="1" />
                <SequencePoint vc="0" uspid="47" ordinal="27" sl="47" sc="1" el="47" ec="2" bec="0" bev="0" fileid="1" />
                <SequencePoint vc="0" uspid="49" ordinal="28" sl="49" sc="1" el="49" ec="2" bec="0" bev="0" fileid="1" />
                <SequencePoint vc="0" uspid="50" ordinal="29" sl="50" sc="1" el="50" ec="2" bec="0" bev="0" fileid="1" />
                <SequencePoint vc="0" uspid="52" ordinal="30" sl="52" sc="1" el="52" ec="2" bec="0" bev="0" fileid="1" />
                <SequencePoint vc="0" uspid="53" ordinal="31" sl="53" sc="1" el="53" ec="2" bec="0" bev="0" fileid="1" />
                <SequencePoint vc="0" uspid="55" ordinal="32" sl="55" sc="1" el="55" ec="2" bec="0" bev="0" fileid="1" />
                <SequencePoint vc="0" uspid="56" ordinal="33" sl="56" sc="1" el="56" ec="2" bec="0" bev="0" fileid="1" />
                <SequencePoint vc="0" uspid="57" ordinal="34" sl="57" sc="1" el="57" ec="2" bec="0" bev="0" fileid="1" />
                <SequencePoint vc="0" uspid="58" ordinal="35" sl="58" sc="1" el="58" ec="2" bec="0" bev="0" fileid="1" />
                <SequencePoint vc="0" uspid="59" ordinal="36" sl="59" sc="1" el="59" ec="2" bec="0" bev="0" fileid="1" />
                <SequencePoint vc="0" uspid="60" ordinal="37" sl="60" sc="1" el="60" ec="2" bec="0" bev="0" fileid="1" />
                <SequencePoint vc="0" uspid="61" ordinal="38" sl="61" sc="1" el="61" ec="2" bec="0" bev="0" fileid="1" />
                <SequencePoint vc="0" uspid="62" ordinal="39" sl="62" sc="1" el="62" ec="2" bec="0" bev="0" fileid="1" />
                <SequencePoint vc="0" uspid="63" ordinal="40" sl="63" sc="1" el="63" ec="2" bec="0" bev="0" fileid="1" />
                <SequencePoint vc="0" uspid="64" ordinal="41" sl="64" sc="1" el="64" ec="2" bec="0" bev="0" fileid="1" />
                <SequencePoint vc="0" uspid="65" ordinal="42" sl="65" sc="1" el="65" ec="2" bec="0" bev="0" fileid="1" />
                <SequencePoint vc="0" uspid="66" ordinal="43" sl="66" sc="1" el="66" ec="2" bec="0" bev="0" fileid="1" />
                <SequencePoint vc="0" uspid="68" ordinal="44" sl="68" sc="1" el="68" ec="2" bec="0" bev="0" fileid="1" />
                <SequencePoint vc="0" uspid="70" ordinal="45" sl="70" sc="1" el="70" ec="2" bec="0" bev="0" fileid="1" />
                <SequencePoint vc="0" uspid="71" ordinal="46" sl="71" sc="1" el="71" ec="2" bec="0" bev="0" fileid="1" />
                <SequencePoint vc="0" uspid="72" ordinal="47" sl="72" sc="1" el="72" ec="2" bec="0" bev="0" fileid="1" />
                <SequencePoint vc="0" uspid="73" ordinal="48" sl="73" sc="1" el="73" ec="2" bec="0" bev="0" fileid="1" />
                <SequencePoint vc="0" uspid="74" ordinal="49" sl="74" sc="1" el="74" ec="2" bec="0" bev="0" fileid="1" />
                <SequencePoint vc="0" uspid="75" ordinal="50" sl="75" sc="1" el="75" ec="2" bec="0" bev="0" fileid="1" />
                <SequencePoint vc="0" uspid="76" ordinal="51" sl="76" sc="1" el="76" ec="2" bec="0" bev="0" fileid="1" />
                <SequencePoint vc="0" uspid="77" ordinal="52" sl="77" sc="1" el="77" ec="2" bec="0" bev="0" fileid="1" />
                <SequencePoint vc="0" uspid="78" ordinal="53" sl="78" sc="1" el="78" ec="2" bec="0" bev="0" fileid="1" />
                <SequencePoint vc="0" uspid="79" ordinal="54" sl="79" sc="1" el="79" ec="2" bec="0" bev="0" fileid="1" />
                <SequencePoint vc="0" uspid="80" ordinal="55" sl="80" sc="1" el="80" ec="2" bec="0" bev="0" fileid="1" />
                <SequencePoint vc="0" uspid="81" ordinal="56" sl="81" sc="1" el="81" ec="2" bec="0" bev="0" fileid="1" />
                <SequencePoint vc="0" uspid="82" ordinal="57" sl="82" sc="1" el="82" ec="2" bec="0" bev="0" fileid="1" />
                <SequencePoint vc="0" uspid="83" ordinal="58" sl="83" sc="1" el="83" ec="2" bec="0" bev="0" fileid="1" />
                <SequencePoint vc="0" uspid="84" ordinal="59" sl="84" sc="1" el="84" ec="2" bec="0" bev="0" fileid="1" />
                <SequencePoint vc="0" uspid="85" ordinal="60" sl="85" sc="1" el="85" ec="2" bec="0" bev="0" fileid="1" />
                <SequencePoint vc="0" uspid="86" ordinal="61" sl="86" sc="1" el="86" ec="2" bec="0" bev="0" fileid="1" />
                <SequencePoint vc="0" uspid="87" ordinal="62" sl="87" sc="1" el="87" ec="2" bec="0" bev="0" fileid="1" />
                <SequencePoint vc="0" uspid="88" ordinal="63" sl="88" sc="1" el="88" ec="2" bec="0" bev="0" fileid="1" />
                <SequencePoint vc="0" uspid="89" ordinal="64" sl="89" sc="1" el="89" ec="2" bec="0" bev="0" fileid="1" />
                <SequencePoint vc="0" uspid="90" ordinal="65" sl="90" sc="1" el="90" ec="2" bec="0" bev="0" fileid="1" />
                <SequencePoint vc="0" uspid="91" ordinal="66" sl="91" sc="1" el="91" ec="2" bec="0" bev="0" fileid="1" />
                <SequencePoint vc="0" uspid="92" ordinal="67" sl="92" sc="1" el="92" ec="2" bec="0" bev="0" fileid="1" />
                <SequencePoint vc="0" uspid="93" ordinal="68" sl="93" sc="1" el="93" ec="2" bec="0" bev="0" fileid="1" />
                <SequencePoint vc="0" uspid="94" ordinal="69" sl="94" sc="1" el="94" ec="2" bec="0" bev="0" fileid="1" />
                <SequencePoint vc="0" uspid="96" ordinal="70" sl="96" sc="1" el="96" ec="2" bec="0" bev="0" fileid="1" />
                <SequencePoint vc="0" uspid="98" ordinal="71" sl="98" sc="1" el="98" ec="2" bec="0" bev="0" fileid="1" />
                <SequencePoint vc="0" uspid="99" ordinal="72" sl="99" sc="1" el="99" ec="2" bec="0" bev="0" fileid="1" />
                <SequencePoint vc="0" uspid="100" ordinal="73" sl="100" sc="1" el="100" ec="2" bec="0" bev="0" fileid="1" />
                <SequencePoint vc="0" uspid="101" ordinal="74" sl="101" sc="1" el="101" ec="2" bec="0" bev="0" fileid="1" />
                <SequencePoint vc="0" uspid="103" ordinal="75" sl="103" sc="1" el="103" ec="2" bec="0" bev="0" fileid="1" />
                <SequencePoint vc="0" uspid="104" ordinal="76" sl="104" sc="1" el="104" ec="2" bec="0" bev="0" fileid="1" />
                <SequencePoint vc="0" uspid="105" ordinal="77" sl="105" sc="1" el="105" ec="2" bec="0" bev="0" fileid="1" />
                <SequencePoint vc="0" uspid="106" ordinal="78" sl="106" sc="1" el="106" ec="2" bec="0" bev="0" fileid="1" />
                <SequencePoint vc="0" uspid="107" ordinal="79" sl="107" sc="1" el="107" ec="2" bec="0" bev="0" fileid="1" />
                <SequencePoint vc="0" uspid="108" ordinal="80" sl="108" sc="1" el="108" ec="2" bec="0" bev="0" fileid="1" />
                <SequencePoint vc="0" uspid="110" ordinal="81" sl="110" sc="1" el="110" ec="2" bec="0" bev="0" fileid="1" />
                <SequencePoint vc="0" uspid="111" ordinal="82" sl="111" sc="1" el="111" ec="2" bec="0" bev="0" fileid="1" />
                <SequencePoint vc="0" uspid="112" ordinal="83" sl="112" sc="1" el="112" ec="2" bec="0" bev="0" fileid="1" />
                <SequencePoint vc="0" uspid="113" ordinal="84" sl="113" sc="1" el="113" ec="2" bec="0" bev="0" fileid="1" />
                <SequencePoint vc="0" uspid="115" ordinal="85" sl="115" sc="1" el="115" ec="2" bec="0" bev="0" fileid="1" />
                <SequencePoint vc="0" uspid="117" ordinal="86" sl="117" sc="1" el="117" ec="2" bec="0" bev="0" fileid="1" />
                <SequencePoint vc="0" uspid="119" ordinal="87" sl="119" sc="1" el="119" ec="2" bec="0" bev="0" fileid="1" />
                <SequencePoint vc="0" uspid="120" ordinal="88" sl="120" sc="1" el="120" ec="2" bec="0" bev="0" fileid="1" />
                <SequencePoint vc="0" uspid="121" ordinal="89" sl="121" sc="1" el="121" ec="2" bec="0" bev="0" fileid="1" />
                <SequencePoint vc="0" uspid="122" ordinal="90" sl="122" sc="1" el="122" ec="2" bec="0" bev="0" fileid="1" />
                <SequencePoint vc="0" uspid="123" ordinal="91" sl="123" sc="1" el="123" ec="2" bec="0" bev="0" fileid="1" />
                <SequencePoint vc="0" uspid="125" ordinal="92" sl="125" sc="1" el="125" ec="2" bec="0" bev="0" fileid="1" />
                <SequencePoint vc="0" uspid="126" ordinal="93" sl="126" sc="1" el="126" ec="2" bec="0" bev="0" fileid="1" />
                <SequencePoint vc="0" uspid="128" ordinal="94" sl="128" sc="1" el="128" ec="2" bec="2" bev="0" fileid="1" />
                <SequencePoint vc="0" uspid="130" ordinal="95" sl="130" sc="1" el="130" ec="2" bec="0" bev="0" fileid="1" />
                <SequencePoint vc="0" uspid="131" ordinal="96" sl="131" sc="1" el="131" ec="2" bec="0" bev="0" fileid="1" />
                <SequencePoint vc="0" uspid="132" ordinal="97" sl="132" sc="1" el="132" ec="2" bec="0" bev="0" fileid="1" />
                <SequencePoint vc="0" uspid="133" ordinal="98" sl="133" sc="1" el="133" ec="2" bec="0" bev="0" fileid="1" />
                <SequencePoint vc="0" uspid="134" ordinal="99" sl="134" sc="1" el="134" ec="2" bec="0" bev="0" fileid="1" />
                <SequencePoint vc="0" uspid="135" ordinal="100" sl="135" sc="1" el="135" ec="2" bec="0" bev="0" fileid="1" />
                <SequencePoint vc="0" uspid="136" ordinal="101" sl="136" sc="1" el="136" ec="2" bec="0" bev="0" fileid="1" />
                <SequencePoint vc="0" uspid="137" ordinal="102" sl="137" sc="1" el="137" ec="2" bec="0" bev="0" fileid="1" />
                <SequencePoint vc="0" uspid="138" ordinal="103" sl="138" sc="1" el="138" ec="2" bec="0" bev="0" fileid="1" />
                <SequencePoint vc="0" uspid="139" ordinal="104" sl="139" sc="1" el="139" ec="2" bec="0" bev="0" fileid="1" />
                <SequencePoint vc="0" uspid="140" ordinal="105" sl="140" sc="1" el="140" ec="2" bec="0" bev="0" fileid="1" />
                <SequencePoint vc="0" uspid="141" ordinal="106" sl="141" sc="1" el="141" ec="2" bec="0" bev="0" fileid="1" />
                <SequencePoint vc="0" uspid="142" ordinal="107" sl="142" sc="1" el="142" ec="2" bec="0" bev="0" fileid="1" />
                <SequencePoint vc="0" uspid="143" ordinal="108" sl="143" sc="1" el="143" ec="2" bec="0" bev="0" fileid="1" />
                <SequencePoint vc="0" uspid="144" ordinal="109" sl="144" sc="1" el="144" ec="2" bec="0" bev="0" fileid="1" />
                <SequencePoint vc="0" uspid="145" ordinal="110" sl="145" sc="1" el="145" ec="2" bec="0" bev="0" fileid="1" />
                <SequencePoint vc="0" uspid="146" ordinal="111" sl="146" sc="1" el="146" ec="2" bec="0" bev="0" fileid="1" />
                <SequencePoint vc="0" uspid="147" ordinal="112" sl="147" sc="1" el="147" ec="2" bec="0" bev="0" fileid="1" />
                <SequencePoint vc="0" uspid="148" ordinal="113" sl="148" sc="1" el="148" ec="2" bec="0" bev="0" fileid="1" />
                <SequencePoint vc="0" uspid="149" ordinal="114" sl="149" sc="1" el="149" ec="2" bec="0" bev="0" fileid="1" />
                <SequencePoint vc="0" uspid="150" ordinal="115" sl="150" sc="1" el="150" ec="2" bec="0" bev="0" fileid="1" />
                <SequencePoint vc="0" uspid="151" ordinal="116" sl="151" sc="1" el="151" ec="2" bec="0" bev="0" fileid="1" />
                <SequencePoint vc="0" uspid="152" ordinal="117" sl="152" sc="1" el="152" ec="2" bec="0" bev="0" fileid="1" />
                <SequencePoint vc="0" uspid="153" ordinal="118" sl="153" sc="1" el="153" ec="2" bec="0" bev="0" fileid="1" />
                <SequencePoint vc="0" uspid="154" ordinal="119" sl="154" sc="1" el="154" ec="2" bec="0" bev="0" fileid="1" />
                <SequencePoint vc="0" uspid="155" ordinal="120" sl="155" sc="1" el="155" ec="2" bec="0" bev="0" fileid="1" />
                <SequencePoint vc="0" uspid="156" ordinal="121" sl="156" sc="1" el="156" ec="2" bec="0" bev="0" fileid="1" />
                <SequencePoint vc="0" uspid="158" ordinal="122" sl="158" sc="1" el="158" ec="2" bec="2" bev="0" fileid="1" />
                <SequencePoint vc="0" uspid="159" ordinal="123" sl="159" sc="1" el="159" ec="2" bec="0" bev="0" fileid="1" />
                <SequencePoint vc="0" uspid="160" ordinal="124" sl="160" sc="1" el="160" ec="2" bec="0" bev="0" fileid="1" />
                <SequencePoint vc="0" uspid="161" ordinal="125" sl="161" sc="1" el="161" ec="2" bec="0" bev="0" fileid="1" />
                <SequencePoint vc="0" uspid="162" ordinal="126" sl="162" sc="1" el="162" ec="2" bec="0" bev="0" fileid="1" />
                <SequencePoint vc="0" uspid="164" ordinal="127" sl="164" sc="1" el="164" ec="2" bec="0" bev="0" fileid="1" />
                <SequencePoint vc="0" uspid="166" ordinal="128" sl="166" sc="1" el="166" ec="2" bec="0" bev="0" fileid="1" />
                <SequencePoint vc="0" uspid="167" ordinal="129" sl="167" sc="1" el="167" ec="2" bec="0" bev="0" fileid="1" />
                <SequencePoint vc="0" uspid="169" ordinal="130" sl="169" sc="1" el="169" ec="2" bec="0" bev="0" fileid="1" />
                <SequencePoint vc="0" uspid="171" ordinal="131" sl="171" sc="1" el="171" ec="2" bec="0" bev="0" fileid="1" />
                <SequencePoint vc="0" uspid="173" ordinal="132" sl="173" sc="1" el="173" ec="2" bec="0" bev="0" fileid="1" />
              </SequencePoints>
              <BranchPoints>
                <BranchPoint vc="0" uspid="128" ordinal="0" path="0" offset="1085" offsetend="1087" sl="128" fileid="1" />
                <BranchPoint vc="0" uspid="128" ordinal="1" path="1" offset="1085" offsetend="1093" sl="128" fileid="1" />
                <BranchPoint vc="0" uspid="158" ordinal="2" path="0" offset="1145" offsetend="1147" sl="158" fileid="1" />
                <BranchPoint vc="0" uspid="158" ordinal="3" path="1" offset="1145" offsetend="1175" sl="158" fileid="1" />
              </BranchPoints>
              <MethodPoint vc="0" uspid="0" p8:type="SequencePoint" ordinal="0" offset="0" sc="0" sl="17" ec="1" el="173" bec="0" bev="0" fileid="1" xmlns:p8="xsi" />
            </Method>
          </Methods>
        </Class>
        <Class>
          <Summary numSequencePoints="0" visitedSequencePoints="0" numBranchPoints="4" visitedBranchPoints="0" sequenceCoverage="100" branchCoverage="0" maxCyclomaticComplexity="4" minCyclomaticComplexity="4" visitedClasses="0" numClasses="1" visitedMethods="0" numMethods="0" />
          <FullName>Program/&lt;&gt;c__DisplayClass0_0/&lt;&lt;&lt;Main&gt;$&gt;b__7&gt;d</FullName>
          <Methods />
        </Class>
        <Class>
          <Summary numSequencePoints="10" visitedSequencePoints="0" numBranchPoints="0" visitedBranchPoints="0" sequenceCoverage="0" branchCoverage="100" maxCyclomaticComplexity="1" minCyclomaticComplexity="1" visitedClasses="0" numClasses="1" visitedMethods="0" numMethods="10" />
          <FullName>Microsoft.AspNetCore.OpenApi.Generated.&lt;OpenApiXmlCommentSupport_generated&gt;F6CB06318D56BB98369AB87050FF0C9CC474EC73EA0702618DE486DCCB05A10B0__XmlComment</FullName>
          <Methods>
            <Method cyclomaticComplexity="1" nPathComplexity="1" sequenceCoverage="0" branchCoverage="100" isConstructor="False" isGetter="True" isSetter="False" isStatic="True">
              <Summary numSequencePoints="1" visitedSequencePoints="0" numBranchPoints="0" visitedBranchPoints="0" sequenceCoverage="0" branchCoverage="100" maxCyclomaticComplexity="1" minCyclomaticComplexity="1" visitedClasses="0" numClasses="0" visitedMethods="0" numMethods="1" />
              <MetadataToken />
              <Name>System.String Microsoft.AspNetCore.OpenApi.Generated.&lt;OpenApiXmlCommentSupport_generated&gt;F6CB06318D56BB98369AB87050FF0C9CC474EC73EA0702618DE486DCCB05A10B0__XmlComment::get_Summary()</Name>
              <FileRef uid="2" />
              <SequencePoints>
                <SequencePoint vc="0" uspid="47" ordinal="0" sl="47" sc="1" el="47" ec="2" bec="0" bev="0" fileid="2" />
              </SequencePoints>
              <BranchPoints />
              <MethodPoint vc="0" uspid="0" p8:type="SequencePoint" ordinal="0" offset="0" sc="0" sl="47" ec="1" el="47" bec="0" bev="0" fileid="2" xmlns:p8="xsi" />
            </Method>
            <Method cyclomaticComplexity="1" nPathComplexity="1" sequenceCoverage="0" branchCoverage="100" isConstructor="False" isGetter="True" isSetter="False" isStatic="True">
              <Summary numSequencePoints="1" visitedSequencePoints="0" numBranchPoints="0" visitedBranchPoints="0" sequenceCoverage="0" branchCoverage="100" maxCyclomaticComplexity="1" minCyclomaticComplexity="1" visitedClasses="0" numClasses="0" visitedMethods="0" numMethods="1" />
              <MetadataToken />
              <Name>System.String Microsoft.AspNetCore.OpenApi.Generated.&lt;OpenApiXmlCommentSupport_generated&gt;F6CB06318D56BB98369AB87050FF0C9CC474EC73EA0702618DE486DCCB05A10B0__XmlComment::get_Description()</Name>
              <FileRef uid="2" />
              <SequencePoints>
                <SequencePoint vc="0" uspid="48" ordinal="0" sl="48" sc="1" el="48" ec="2" bec="0" bev="0" fileid="2" />
              </SequencePoints>
              <BranchPoints />
              <MethodPoint vc="0" uspid="0" p8:type="SequencePoint" ordinal="1" offset="1" sc="0" sl="48" ec="1" el="48" bec="0" bev="0" fileid="2" xmlns:p8="xsi" />
            </Method>
            <Method cyclomaticComplexity="1" nPathComplexity="1" sequenceCoverage="0" branchCoverage="100" isConstructor="False" isGetter="True" isSetter="False" isStatic="True">
              <Summary numSequencePoints="1" visitedSequencePoints="0" numBranchPoints="0" visitedBranchPoints="0" sequenceCoverage="0" branchCoverage="100" maxCyclomaticComplexity="1" minCyclomaticComplexity="1" visitedClasses="0" numClasses="0" visitedMethods="0" numMethods="1" />
              <MetadataToken />
              <Name>System.String Microsoft.AspNetCore.OpenApi.Generated.&lt;OpenApiXmlCommentSupport_generated&gt;F6CB06318D56BB98369AB87050FF0C9CC474EC73EA0702618DE486DCCB05A10B0__XmlComment::get_Remarks()</Name>
              <FileRef uid="2" />
              <SequencePoints>
                <SequencePoint vc="0" uspid="49" ordinal="0" sl="49" sc="1" el="49" ec="2" bec="0" bev="0" fileid="2" />
              </SequencePoints>
              <BranchPoints />
              <MethodPoint vc="0" uspid="0" p8:type="SequencePoint" ordinal="2" offset="2" sc="0" sl="49" ec="1" el="49" bec="0" bev="0" fileid="2" xmlns:p8="xsi" />
            </Method>
            <Method cyclomaticComplexity="1" nPathComplexity="1" sequenceCoverage="0" branchCoverage="100" isConstructor="False" isGetter="True" isSetter="False" isStatic="True">
              <Summary numSequencePoints="1" visitedSequencePoints="0" numBranchPoints="0" visitedBranchPoints="0" sequenceCoverage="0" branchCoverage="100" maxCyclomaticComplexity="1" minCyclomaticComplexity="1" visitedClasses="0" numClasses="0" visitedMethods="0" numMethods="1" />
              <MetadataToken />
              <Name>System.String Microsoft.AspNetCore.OpenApi.Generated.&lt;OpenApiXmlCommentSupport_generated&gt;F6CB06318D56BB98369AB87050FF0C9CC474EC73EA0702618DE486DCCB05A10B0__XmlComment::get_Returns()</Name>
              <FileRef uid="2" />
              <SequencePoints>
                <SequencePoint vc="0" uspid="50" ordinal="0" sl="50" sc="1" el="50" ec="2" bec="0" bev="0" fileid="2" />
              </SequencePoints>
              <BranchPoints />
              <MethodPoint vc="0" uspid="0" p8:type="SequencePoint" ordinal="3" offset="3" sc="0" sl="50" ec="1" el="50" bec="0" bev="0" fileid="2" xmlns:p8="xsi" />
            </Method>
            <Method cyclomaticComplexity="1" nPathComplexity="1" sequenceCoverage="0" branchCoverage="100" isConstructor="False" isGetter="True" isSetter="False" isStatic="True">
              <Summary numSequencePoints="1" visitedSequencePoints="0" numBranchPoints="0" visitedBranchPoints="0" sequenceCoverage="0" branchCoverage="100" maxCyclomaticComplexity="1" minCyclomaticComplexity="1" visitedClasses="0" numClasses="0" visitedMethods="0" numMethods="1" />
              <MetadataToken />
              <Name>System.String Microsoft.AspNetCore.OpenApi.Generated.&lt;OpenApiXmlCommentSupport_generated&gt;F6CB06318D56BB98369AB87050FF0C9CC474EC73EA0702618DE486DCCB05A10B0__XmlComment::get_Value()</Name>
              <FileRef uid="2" />
              <SequencePoints>
                <SequencePoint vc="0" uspid="51" ordinal="0" sl="51" sc="1" el="51" ec="2" bec="0" bev="0" fileid="2" />
              </SequencePoints>
              <BranchPoints />
              <MethodPoint vc="0" uspid="0" p8:type="SequencePoint" ordinal="4" offset="4" sc="0" sl="51" ec="1" el="51" bec="0" bev="0" fileid="2" xmlns:p8="xsi" />
            </Method>
            <Method cyclomaticComplexity="1" nPathComplexity="1" sequenceCoverage="0" branchCoverage="100" isConstructor="False" isGetter="True" isSetter="False" isStatic="True">
              <Summary numSequencePoints="1" visitedSequencePoints="0" numBranchPoints="0" visitedBranchPoints="0" sequenceCoverage="0" branchCoverage="100" maxCyclomaticComplexity="1" minCyclomaticComplexity="1" visitedClasses="0" numClasses="0" visitedMethods="0" numMethods="1" />
              <MetadataToken />
              <Name>System.Boolean Microsoft.AspNetCore.OpenApi.Generated.&lt;OpenApiXmlCommentSupport_generated&gt;F6CB06318D56BB98369AB87050FF0C9CC474EC73EA0702618DE486DCCB05A10B0__XmlComment::get_Deprecated()</Name>
              <FileRef uid="2" />
              <SequencePoints>
                <SequencePoint vc="0" uspid="52" ordinal="0" sl="52" sc="1" el="52" ec="2" bec="0" bev="0" fileid="2" />
              </SequencePoints>
              <BranchPoints />
              <MethodPoint vc="0" uspid="0" p8:type="SequencePoint" ordinal="5" offset="5" sc="0" sl="52" ec="1" el="52" bec="0" bev="0" fileid="2" xmlns:p8="xsi" />
            </Method>
            <Method cyclomaticComplexity="1" nPathComplexity="1" sequenceCoverage="0" branchCoverage="100" isConstructor="False" isGetter="True" isSetter="False" isStatic="True">
              <Summary numSequencePoints="1" visitedSequencePoints="0" numBranchPoints="0" visitedBranchPoints="0" sequenceCoverage="0" branchCoverage="100" maxCyclomaticComplexity="1" minCyclomaticComplexity="1" visitedClasses="0" numClasses="0" visitedMethods="0" numMethods="1" />
              <MetadataToken />
              <Name>System.Collections.Generic.List`1&lt;System.String&gt; Microsoft.AspNetCore.OpenApi.Generated.&lt;OpenApiXmlCommentSupport_generated&gt;F6CB06318D56BB98369AB87050FF0C9CC474EC73EA0702618DE486DCCB05A10B0__XmlComment::get_Examples()</Name>
              <FileRef uid="2" />
              <SequencePoints>
                <SequencePoint vc="0" uspid="53" ordinal="0" sl="53" sc="1" el="53" ec="2" bec="0" bev="0" fileid="2" />
              </SequencePoints>
              <BranchPoints />
              <MethodPoint vc="0" uspid="0" p8:type="SequencePoint" ordinal="6" offset="6" sc="0" sl="53" ec="1" el="53" bec="0" bev="0" fileid="2" xmlns:p8="xsi" />
            </Method>
            <Method cyclomaticComplexity="1" nPathComplexity="1" sequenceCoverage="0" branchCoverage="100" isConstructor="False" isGetter="True" isSetter="False" isStatic="True">
              <Summary numSequencePoints="1" visitedSequencePoints="0" numBranchPoints="0" visitedBranchPoints="0" sequenceCoverage="0" branchCoverage="100" maxCyclomaticComplexity="1" minCyclomaticComplexity="1" visitedClasses="0" numClasses="0" visitedMethods="0" numMethods="1" />
              <MetadataToken />
              <Name>System.Collections.Generic.List`1&lt;Microsoft.AspNetCore.OpenApi.Generated.&lt;OpenApiXmlCommentSupport_generated&gt;F6CB06318D56BB98369AB87050FF0C9CC474EC73EA0702618DE486DCCB05A10B0__XmlParameterComment&gt; Microsoft.AspNetCore.OpenApi.Generated.&lt;OpenApiXmlCommentSupport_generated&gt;F6CB06318D56BB98369AB87050FF0C9CC474EC73EA0702618DE486DCCB05A10B0__XmlComment::get_Parameters()</Name>
              <FileRef uid="2" />
              <SequencePoints>
                <SequencePoint vc="0" uspid="54" ordinal="0" sl="54" sc="1" el="54" ec="2" bec="0" bev="0" fileid="2" />
              </SequencePoints>
              <BranchPoints />
              <MethodPoint vc="0" uspid="0" p8:type="SequencePoint" ordinal="7" offset="7" sc="0" sl="54" ec="1" el="54" bec="0" bev="0" fileid="2" xmlns:p8="xsi" />
            </Method>
            <Method cyclomaticComplexity="1" nPathComplexity="1" sequenceCoverage="0" branchCoverage="100" isConstructor="False" isGetter="True" isSetter="False" isStatic="True">
              <Summary numSequencePoints="1" visitedSequencePoints="0" numBranchPoints="0" visitedBranchPoints="0" sequenceCoverage="0" branchCoverage="100" maxCyclomaticComplexity="1" minCyclomaticComplexity="1" visitedClasses="0" numClasses="0" visitedMethods="0" numMethods="1" />
              <MetadataToken />
              <Name>System.Collections.Generic.List`1&lt;Microsoft.AspNetCore.OpenApi.Generated.&lt;OpenApiXmlCommentSupport_generated&gt;F6CB06318D56BB98369AB87050FF0C9CC474EC73EA0702618DE486DCCB05A10B0__XmlResponseComment&gt; Microsoft.AspNetCore.OpenApi.Generated.&lt;OpenApiXmlCommentSupport_generated&gt;F6CB06318D56BB98369AB87050FF0C9CC474EC73EA0702618DE486DCCB05A10B0__XmlComment::get_Responses()</Name>
              <FileRef uid="2" />
              <SequencePoints>
                <SequencePoint vc="0" uspid="55" ordinal="0" sl="55" sc="1" el="55" ec="2" bec="0" bev="0" fileid="2" />
              </SequencePoints>
              <BranchPoints />
              <MethodPoint vc="0" uspid="0" p8:type="SequencePoint" ordinal="8" offset="8" sc="0" sl="55" ec="1" el="55" bec="0" bev="0" fileid="2" xmlns:p8="xsi" />
            </Method>
            <Method cyclomaticComplexity="1" nPathComplexity="1" sequenceCoverage="0" branchCoverage="100" isConstructor="True" isGetter="False" isSetter="False" isStatic="True">
              <Summary numSequencePoints="1" visitedSequencePoints="0" numBranchPoints="0" visitedBranchPoints="0" sequenceCoverage="0" branchCoverage="100" maxCyclomaticComplexity="1" minCyclomaticComplexity="1" visitedClasses="0" numClasses="0" visitedMethods="0" numMethods="1" />
              <MetadataToken />
              <Name>System.Void Microsoft.AspNetCore.OpenApi.Generated.&lt;OpenApiXmlCommentSupport_generated&gt;F6CB06318D56BB98369AB87050FF0C9CC474EC73EA0702618DE486DCCB05A10B0__XmlComment::.ctor(System.String,System.String,System.String,System.String,System.String,System.Boolean,System.Collections.Generic.List`1&lt;System.String&gt;,System.Collections.Generic.List`1&lt;Microsoft.AspNetCore.OpenApi.Generated.&lt;OpenApiXmlCommentSupport_generated&gt;F6CB06318D56BB98369AB87050FF0C9CC474EC73EA0702618DE486DCCB05A10B0__XmlParameterComment&gt;,System.Collections.Generic.List`1&lt;Microsoft.AspNetCore.OpenApi.Generated.&lt;OpenApiXmlCommentSupport_generated&gt;F6CB06318D56BB98369AB87050FF0C9CC474EC73EA0702618DE486DCCB05A10B0__XmlResponseComment&gt;)</Name>
              <FileRef uid="2" />
              <SequencePoints>
                <SequencePoint vc="0" uspid="46" ordinal="0" sl="46" sc="1" el="46" ec="2" bec="0" bev="0" fileid="2" />
              </SequencePoints>
              <BranchPoints />
              <MethodPoint vc="0" uspid="0" p8:type="SequencePoint" ordinal="9" offset="9" sc="0" sl="46" ec="1" el="46" bec="0" bev="0" fileid="2" xmlns:p8="xsi" />
            </Method>
          </Methods>
        </Class>
        <Class>
          <Summary numSequencePoints="1" visitedSequencePoints="0" numBranchPoints="0" visitedBranchPoints="0" sequenceCoverage="0" branchCoverage="100" maxCyclomaticComplexity="1" minCyclomaticComplexity="1" visitedClasses="0" numClasses="1" visitedMethods="0" numMethods="1" />
          <FullName>Microsoft.AspNetCore.OpenApi.Generated.&lt;OpenApiXmlCommentSupport_generated&gt;F6CB06318D56BB98369AB87050FF0C9CC474EC73EA0702618DE486DCCB05A10B0__XmlParameterComment</FullName>
          <Methods>
            <Method cyclomaticComplexity="1" nPathComplexity="1" sequenceCoverage="0" branchCoverage="100" isConstructor="False" isGetter="True" isSetter="False" isStatic="True">
              <Summary numSequencePoints="1" visitedSequencePoints="0" numBranchPoints="0" visitedBranchPoints="0" sequenceCoverage="0" branchCoverage="100" maxCyclomaticComplexity="1" minCyclomaticComplexity="1" visitedClasses="0" numClasses="0" visitedMethods="0" numMethods="1" />
              <MetadataToken />
              <Name>System.String Microsoft.AspNetCore.OpenApi.Generated.&lt;OpenApiXmlCommentSupport_generated&gt;F6CB06318D56BB98369AB87050FF0C9CC474EC73EA0702618DE486DCCB05A10B0__XmlParameterComment::get_Name()</Name>
              <FileRef uid="2" />
              <SequencePoints>
                <SequencePoint vc="0" uspid="58" ordinal="0" sl="58" sc="1" el="58" ec="2" bec="0" bev="0" fileid="2" />
              </SequencePoints>
              <BranchPoints />
              <MethodPoint vc="0" uspid="0" p8:type="SequencePoint" ordinal="0" offset="0" sc="0" sl="58" ec="1" el="58" bec="0" bev="0" fileid="2" xmlns:p8="xsi" />
            </Method>
          </Methods>
        </Class>
        <Class>
          <Summary numSequencePoints="1" visitedSequencePoints="0" numBranchPoints="0" visitedBranchPoints="0" sequenceCoverage="0" branchCoverage="100" maxCyclomaticComplexity="1" minCyclomaticComplexity="1" visitedClasses="0" numClasses="1" visitedMethods="0" numMethods="1" />
          <FullName>Microsoft.AspNetCore.OpenApi.Generated.&lt;OpenApiXmlCommentSupport_generated&gt;F6CB06318D56BB98369AB87050FF0C9CC474EC73EA0702618DE486DCCB05A10B0__XmlResponseComment</FullName>
          <Methods>
            <Method cyclomaticComplexity="1" nPathComplexity="1" sequenceCoverage="0" branchCoverage="100" isConstructor="False" isGetter="True" isSetter="False" isStatic="True">
              <Summary numSequencePoints="1" visitedSequencePoints="0" numBranchPoints="0" visitedBranchPoints="0" sequenceCoverage="0" branchCoverage="100" maxCyclomaticComplexity="1" minCyclomaticComplexity="1" visitedClasses="0" numClasses="0" visitedMethods="0" numMethods="1" />
              <MetadataToken />
              <Name>System.String Microsoft.AspNetCore.OpenApi.Generated.&lt;OpenApiXmlCommentSupport_generated&gt;F6CB06318D56BB98369AB87050FF0C9CC474EC73EA0702618DE486DCCB05A10B0__XmlResponseComment::get_Code()</Name>
              <FileRef uid="2" />
              <SequencePoints>
                <SequencePoint vc="0" uspid="61" ordinal="0" sl="61" sc="1" el="61" ec="2" bec="0" bev="0" fileid="2" />
              </SequencePoints>
              <BranchPoints />
              <MethodPoint vc="0" uspid="0" p8:type="SequencePoint" ordinal="0" offset="0" sc="0" sl="61" ec="1" el="61" bec="0" bev="0" fileid="2" xmlns:p8="xsi" />
            </Method>
          </Methods>
        </Class>
        <Class>
          <Summary numSequencePoints="5" visitedSequencePoints="0" numBranchPoints="2" visitedBranchPoints="0" sequenceCoverage="0" branchCoverage="0" maxCyclomaticComplexity="2" minCyclomaticComplexity="1" visitedClasses="0" numClasses="1" visitedMethods="0" numMethods="2" />
          <FullName>Microsoft.AspNetCore.OpenApi.Generated.&lt;OpenApiXmlCommentSupport_generated&gt;F6CB06318D56BB98369AB87050FF0C9CC474EC73EA0702618DE486DCCB05A10B0__XmlCommentCache</FullName>
          <Methods>
            <Method cyclomaticComplexity="2" nPathComplexity="2" sequenceCoverage="0" branchCoverage="0" isConstructor="False" isGetter="True" isSetter="False" isStatic="True">
              <Summary numSequencePoints="1" visitedSequencePoints="0" numBranchPoints="2" visitedBranchPoints="0" sequenceCoverage="0" branchCoverage="0" maxCyclomaticComplexity="2" minCyclomaticComplexity="2" visitedClasses="0" numClasses="0" visitedMethods="0" numMethods="1" />
              <MetadataToken />
              <Name>System.Collections.Generic.Dictionary`2&lt;System.String,Microsoft.AspNetCore.OpenApi.Generated.&lt;OpenApiXmlCommentSupport_generated&gt;F6CB06318D56BB98369AB87050FF0C9CC474EC73EA0702618DE486DCCB05A10B0__XmlComment&gt; Microsoft.AspNetCore.OpenApi.Generated.&lt;OpenApiXmlCommentSupport_generated&gt;F6CB06318D56BB98369AB87050FF0C9CC474EC73EA0702618DE486DCCB05A10B0__XmlCommentCache::get_Cache()</Name>
              <FileRef uid="2" />
              <SequencePoints>
                <SequencePoint vc="0" uspid="67" ordinal="0" sl="67" sc="1" el="67" ec="2" bec="2" bev="0" fileid="2" />
              </SequencePoints>
              <BranchPoints>
                <BranchPoint vc="0" uspid="67" ordinal="0" path="0" offset="6" offsetend="8" sl="67" fileid="2" />
                <BranchPoint vc="0" uspid="67" ordinal="1" path="1" offset="6" offsetend="20" sl="67" fileid="2" />
              </BranchPoints>
              <MethodPoint vc="0" uspid="0" p8:type="SequencePoint" ordinal="0" offset="0" sc="0" sl="67" ec="1" el="67" bec="0" bev="0" fileid="2" xmlns:p8="xsi" />
            </Method>
            <Method cyclomaticComplexity="1" nPathComplexity="1" sequenceCoverage="0" branchCoverage="100" isConstructor="False" isGetter="False" isSetter="False" isStatic="True">
              <Summary numSequencePoints="4" visitedSequencePoints="0" numBranchPoints="0" visitedBranchPoints="0" sequenceCoverage="0" branchCoverage="100" maxCyclomaticComplexity="1" minCyclomaticComplexity="1" visitedClasses="0" numClasses="0" visitedMethods="0" numMethods="1" />
              <MetadataToken />
              <Name>System.Collections.Generic.Dictionary`2&lt;System.String,Microsoft.AspNetCore.OpenApi.Generated.&lt;OpenApiXmlCommentSupport_generated&gt;F6CB06318D56BB98369AB87050FF0C9CC474EC73EA0702618DE486DCCB05A10B0__XmlComment&gt; Microsoft.AspNetCore.OpenApi.Generated.&lt;OpenApiXmlCommentSupport_generated&gt;F6CB06318D56BB98369AB87050FF0C9CC474EC73EA0702618DE486DCCB05A10B0__XmlCommentCache::GenerateCacheEntries()</Name>
              <FileRef uid="2" />
              <SequencePoints>
                <SequencePoint vc="0" uspid="70" ordinal="0" sl="70" sc="1" el="70" ec="2" bec="0" bev="0" fileid="2" />
                <SequencePoint vc="0" uspid="71" ordinal="1" sl="71" sc="1" el="71" ec="2" bec="0" bev="0" fileid="2" />
                <SequencePoint vc="0" uspid="75" ordinal="2" sl="75" sc="1" el="75" ec="2" bec="0" bev="0" fileid="2" />
                <SequencePoint vc="0" uspid="76" ordinal="3" sl="76" sc="1" el="76" ec="2" bec="0" bev="0" fileid="2" />
              </SequencePoints>
              <BranchPoints />
              <MethodPoint vc="0" uspid="0" p8:type="SequencePoint" ordinal="1" offset="1" sc="0" sl="70" ec="1" el="76" bec="0" bev="0" fileid="2" xmlns:p8="xsi" />
            </Method>
          </Methods>
        </Class>
        <Class>
          <Summary numSequencePoints="155" visitedSequencePoints="0" numBranchPoints="68" visitedBranchPoints="0" sequenceCoverage="0" branchCoverage="0" maxCyclomaticComplexity="28" minCyclomaticComplexity="2" visitedClasses="0" numClasses="1" visitedMethods="0" numMethods="6" />
          <FullName>Microsoft.AspNetCore.OpenApi.Generated.&lt;OpenApiXmlCommentSupport_generated&gt;F6CB06318D56BB98369AB87050FF0C9CC474EC73EA0702618DE486DCCB05A10B0__DocumentationCommentIdHelper</FullName>
          <Methods>
            <Method cyclomaticComplexity="2" nPathComplexity="2" sequenceCoverage="0" branchCoverage="0" isConstructor="False" isGetter="False" isSetter="False" isStatic="True">
              <Summary numSequencePoints="6" visitedSequencePoints="0" numBranchPoints="2" visitedBranchPoints="0" sequenceCoverage="0" branchCoverage="0" maxCyclomaticComplexity="2" minCyclomaticComplexity="2" visitedClasses="0" numClasses="0" visitedMethods="0" numMethods="1" />
              <MetadataToken />
              <Name>System.String Microsoft.AspNetCore.OpenApi.Generated.&lt;OpenApiXmlCommentSupport_generated&gt;F6CB06318D56BB98369AB87050FF0C9CC474EC73EA0702618DE486DCCB05A10B0__DocumentationCommentIdHelper::CreateDocumentationId(System.Type)</Name>
              <FileRef uid="2" />
              <SequencePoints>
                <SequencePoint vc="0" uspid="87" ordinal="0" sl="87" sc="1" el="87" ec="2" bec="0" bev="0" fileid="2" />
                <SequencePoint vc="0" uspid="88" ordinal="1" sl="88" sc="1" el="88" ec="2" bec="2" bev="0" fileid="2" />
                <SequencePoint vc="0" uspid="89" ordinal="2" sl="89" sc="1" el="89" ec="2" bec="0" bev="0" fileid="2" />
                <SequencePoint vc="0" uspid="90" ordinal="3" sl="90" sc="1" el="90" ec="2" bec="0" bev="0" fileid="2" />
                <SequencePoint vc="0" uspid="93" ordinal="4" sl="93" sc="1" el="93" ec="2" bec="0" bev="0" fileid="2" />
                <SequencePoint vc="0" uspid="94" ordinal="5" sl="94" sc="1" el="94" ec="2" bec="0" bev="0" fileid="2" />
              </SequencePoints>
              <BranchPoints>
                <BranchPoint vc="0" uspid="88" ordinal="0" path="0" offset="10" offsetend="12" sl="88" fileid="2" />
                <BranchPoint vc="0" uspid="88" ordinal="1" path="1" offset="10" offsetend="24" sl="88" fileid="2" />
              </BranchPoints>
              <MethodPoint vc="0" uspid="0" p8:type="SequencePoint" ordinal="0" offset="0" sc="0" sl="87" ec="1" el="94" bec="0" bev="0" fileid="2" xmlns:p8="xsi" />
            </Method>
            <Method cyclomaticComplexity="10" nPathComplexity="10" sequenceCoverage="0" branchCoverage="0" isConstructor="False" isGetter="False" isSetter="False" isStatic="True">
              <Summary numSequencePoints="28" visitedSequencePoints="0" numBranchPoints="10" visitedBranchPoints="0" sequenceCoverage="0" branchCoverage="0" maxCyclomaticComplexity="10" minCyclomaticComplexity="10" visitedClasses="0" numClasses="0" visitedMethods="0" numMethods="1" />
              <MetadataToken />
              <Name>System.String Microsoft.AspNetCore.OpenApi.Generated.&lt;OpenApiXmlCommentSupport_generated&gt;F6CB06318D56BB98369AB87050FF0C9CC474EC73EA0702618DE486DCCB05A10B0__DocumentationCommentIdHelper::CreateDocumentationId(System.Reflection.PropertyInfo)</Name>
              <FileRef uid="2" />
              <SequencePoints>
                <SequencePoint vc="0" uspid="101" ordinal="0" sl="101" sc="1" el="101" ec="2" bec="0" bev="0" fileid="2" />
                <SequencePoint vc="0" uspid="102" ordinal="1" sl="102" sc="1" el="102" ec="2" bec="2" bev="0" fileid="2" />
                <SequencePoint vc="0" uspid="103" ordinal="2" sl="103" sc="1" el="103" ec="2" bec="0" bev="0" fileid="2" />
                <SequencePoint vc="0" uspid="104" ordinal="3" sl="104" sc="1" el="104" ec="2" bec="0" bev="0" fileid="2" />
                <SequencePoint vc="0" uspid="107" ordinal="4" sl="107" sc="1" el="107" ec="2" bec="0" bev="0" fileid="2" />
                <SequencePoint vc="0" uspid="108" ordinal="5" sl="108" sc="1" el="108" ec="2" bec="0" bev="0" fileid="2" />
                <SequencePoint vc="0" uspid="110" ordinal="6" sl="110" sc="1" el="110" ec="2" bec="2" bev="0" fileid="2" />
                <SequencePoint vc="0" uspid="111" ordinal="7" sl="111" sc="1" el="111" ec="2" bec="0" bev="0" fileid="2" />
                <SequencePoint vc="0" uspid="112" ordinal="8" sl="112" sc="1" el="112" ec="2" bec="0" bev="0" fileid="2" />
                <SequencePoint vc="0" uspid="113" ordinal="9" sl="113" sc="1" el="113" ec="2" bec="0" bev="0" fileid="2" />
                <SequencePoint vc="0" uspid="115" ordinal="10" sl="115" sc="1" el="115" ec="2" bec="0" bev="0" fileid="2" />
                <SequencePoint vc="0" uspid="116" ordinal="11" sl="116" sc="1" el="116" ec="2" bec="0" bev="0" fileid="2" />
                <SequencePoint vc="0" uspid="119" ordinal="12" sl="119" sc="1" el="119" ec="2" bec="0" bev="0" fileid="2" />
                <SequencePoint vc="0" uspid="120" ordinal="13" sl="120" sc="1" el="120" ec="2" bec="2" bev="0" fileid="2" />
                <SequencePoint vc="0" uspid="121" ordinal="14" sl="121" sc="1" el="121" ec="2" bec="0" bev="0" fileid="2" />
                <SequencePoint vc="0" uspid="122" ordinal="15" sl="122" sc="1" el="122" ec="2" bec="0" bev="0" fileid="2" />
                <SequencePoint vc="0" uspid="123" ordinal="16" sl="123" sc="1" el="123" ec="2" bec="2" bev="0" fileid="2" />
                <SequencePoint vc="0" uspid="124" ordinal="17" sl="124" sc="1" el="124" ec="2" bec="0" bev="0" fileid="2" />
                <SequencePoint vc="0" uspid="125" ordinal="18" sl="125" sc="1" el="125" ec="2" bec="2" bev="0" fileid="2" />
                <SequencePoint vc="0" uspid="126" ordinal="19" sl="126" sc="1" el="126" ec="2" bec="0" bev="0" fileid="2" />
                <SequencePoint vc="0" uspid="127" ordinal="20" sl="127" sc="1" el="127" ec="2" bec="0" bev="0" fileid="2" />
                <SequencePoint vc="0" uspid="128" ordinal="21" sl="128" sc="1" el="128" ec="2" bec="0" bev="0" fileid="2" />
                <SequencePoint vc="0" uspid="130" ordinal="22" sl="130" sc="1" el="130" ec="2" bec="0" bev="0" fileid="2" />
                <SequencePoint vc="0" uspid="131" ordinal="23" sl="131" sc="1" el="131" ec="2" bec="0" bev="0" fileid="2" />
                <SequencePoint vc="0" uspid="132" ordinal="24" sl="132" sc="1" el="132" ec="2" bec="0" bev="0" fileid="2" />
                <SequencePoint vc="0" uspid="133" ordinal="25" sl="133" sc="1" el="133" ec="2" bec="0" bev="0" fileid="2" />
                <SequencePoint vc="0" uspid="135" ordinal="26" sl="135" sc="1" el="135" ec="2" bec="0" bev="0" fileid="2" />
                <SequencePoint vc="0" uspid="136" ordinal="27" sl="136" sc="1" el="136" ec="2" bec="0" bev="0" fileid="2" />
              </SequencePoints>
              <BranchPoints>
                <BranchPoint vc="0" uspid="102" ordinal="0" path="0" offset="10" offsetend="12" sl="102" fileid="2" />
                <BranchPoint vc="0" uspid="102" ordinal="1" path="1" offset="10" offsetend="24" sl="102" fileid="2" />
                <BranchPoint vc="0" uspid="110" ordinal="2" path="0" offset="56" offsetend="58" sl="110" fileid="2" />
                <BranchPoint vc="0" uspid="110" ordinal="3" path="1" offset="56" offsetend="80" sl="110" fileid="2" />
                <BranchPoint vc="0" uspid="120" ordinal="4" path="0" offset="118" offsetend="120" sl="120" fileid="2" />
                <BranchPoint vc="0" uspid="123" ordinal="9" path="1" offset="199" offsetend="135" sl="123" fileid="2" />
                <BranchPoint vc="0" uspid="125" ordinal="6" path="0" offset="145" offsetend="147" sl="125" fileid="2" />
                <BranchPoint vc="0" uspid="125" ordinal="7" path="1" offset="145" offsetend="158" sl="125" fileid="2" />
                <BranchPoint vc="0" uspid="123" ordinal="8" path="0" offset="199" offsetend="201" sl="123" fileid="2" />
                <BranchPoint vc="0" uspid="120" ordinal="5" path="1" offset="118" offsetend="211" sl="120" fileid="2" />
              </BranchPoints>
              <MethodPoint vc="0" uspid="0" p8:type="SequencePoint" ordinal="1" offset="1" sc="0" sl="101" ec="1" el="136" bec="0" bev="0" fileid="2" xmlns:p8="xsi" />
            </Method>
            <Method cyclomaticComplexity="4" nPathComplexity="4" sequenceCoverage="0" branchCoverage="0" isConstructor="False" isGetter="False" isSetter="False" isStatic="True">
              <Summary numSequencePoints="14" visitedSequencePoints="0" numBranchPoints="4" visitedBranchPoints="0" sequenceCoverage="0" branchCoverage="0" maxCyclomaticComplexity="4" minCyclomaticComplexity="4" visitedClasses="0" numClasses="0" visitedMethods="0" numMethods="1" />
              <MetadataToken />
              <Name>System.String Microsoft.AspNetCore.OpenApi.Generated.&lt;OpenApiXmlCommentSupport_generated&gt;F6CB06318D56BB98369AB87050FF0C9CC474EC73EA0702618DE486DCCB05A10B0__DocumentationCommentIdHelper::CreateDocumentationId(System.Type,System.String)</Name>
              <FileRef uid="2" />
              <SequencePoints>
                <SequencePoint vc="0" uspid="143" ordinal="0" sl="143" sc="1" el="143" ec="2" bec="0" bev="0" fileid="2" />
                <SequencePoint vc="0" uspid="144" ordinal="1" sl="144" sc="1" el="144" ec="2" bec="2" bev="0" fileid="2" />
                <SequencePoint vc="0" uspid="145" ordinal="2" sl="145" sc="1" el="145" ec="2" bec="0" bev="0" fileid="2" />
                <SequencePoint vc="0" uspid="146" ordinal="3" sl="146" sc="1" el="146" ec="2" bec="0" bev="0" fileid="2" />
                <SequencePoint vc="0" uspid="148" ordinal="4" sl="148" sc="1" el="148" ec="2" bec="2" bev="0" fileid="2" />
                <SequencePoint vc="0" uspid="149" ordinal="5" sl="149" sc="1" el="149" ec="2" bec="0" bev="0" fileid="2" />
                <SequencePoint vc="0" uspid="150" ordinal="6" sl="150" sc="1" el="150" ec="2" bec="0" bev="0" fileid="2" />
                <SequencePoint vc="0" uspid="153" ordinal="7" sl="153" sc="1" el="153" ec="2" bec="0" bev="0" fileid="2" />
                <SequencePoint vc="0" uspid="154" ordinal="8" sl="154" sc="1" el="154" ec="2" bec="0" bev="0" fileid="2" />
                <SequencePoint vc="0" uspid="155" ordinal="9" sl="155" sc="1" el="155" ec="2" bec="0" bev="0" fileid="2" />
                <SequencePoint vc="0" uspid="156" ordinal="10" sl="156" sc="1" el="156" ec="2" bec="0" bev="0" fileid="2" />
                <SequencePoint vc="0" uspid="157" ordinal="11" sl="157" sc="1" el="157" ec="2" bec="0" bev="0" fileid="2" />
                <SequencePoint vc="0" uspid="159" ordinal="12" sl="159" sc="1" el="159" ec="2" bec="0" bev="0" fileid="2" />
                <SequencePoint vc="0" uspid="160" ordinal="13" sl="160" sc="1" el="160" ec="2" bec="0" bev="0" fileid="2" />
              </SequencePoints>
              <BranchPoints>
                <BranchPoint vc="0" uspid="144" ordinal="0" path="0" offset="10" offsetend="12" sl="144" fileid="2" />
                <BranchPoint vc="0" uspid="144" ordinal="1" path="1" offset="10" offsetend="24" sl="144" fileid="2" />
                <BranchPoint vc="0" uspid="148" ordinal="2" path="0" offset="32" offsetend="34" sl="148" fileid="2" />
                <BranchPoint vc="0" uspid="148" ordinal="3" path="1" offset="32" offsetend="51" sl="148" fileid="2" />
              </BranchPoints>
              <MethodPoint vc="0" uspid="0" p8:type="SequencePoint" ordinal="2" offset="2" sc="0" sl="143" ec="1" el="160" bec="0" bev="0" fileid="2" xmlns:p8="xsi" />
            </Method>
            <Method cyclomaticComplexity="18" nPathComplexity="18" sequenceCoverage="0" branchCoverage="0" isConstructor="False" isGetter="False" isSetter="False" isStatic="True">
              <Summary numSequencePoints="44" visitedSequencePoints="0" numBranchPoints="18" visitedBranchPoints="0" sequenceCoverage="0" branchCoverage="0" maxCyclomaticComplexity="18" minCyclomaticComplexity="18" visitedClasses="0" numClasses="0" visitedMethods="0" numMethods="1" />
              <MetadataToken />
              <Name>System.String Microsoft.AspNetCore.OpenApi.Generated.&lt;OpenApiXmlCommentSupport_generated&gt;F6CB06318D56BB98369AB87050FF0C9CC474EC73EA0702618DE486DCCB05A10B0__DocumentationCommentIdHelper::CreateDocumentationId(System.Reflection.MethodInfo)</Name>
              <FileRef uid="2" />
              <SequencePoints>
                <SequencePoint vc="0" uspid="169" ordinal="0" sl="169" sc="1" el="169" ec="2" bec="0" bev="0" fileid="2" />
                <SequencePoint vc="0" uspid="170" ordinal="1" sl="170" sc="1" el="170" ec="2" bec="2" bev="0" fileid="2" />
                <SequencePoint vc="0" uspid="171" ordinal="2" sl="171" sc="1" el="171" ec="2" bec="0" bev="0" fileid="2" />
                <SequencePoint vc="0" uspid="172" ordinal="3" sl="172" sc="1" el="172" ec="2" bec="0" bev="0" fileid="2" />
                <SequencePoint vc="0" uspid="175" ordinal="4" sl="175" sc="1" el="175" ec="2" bec="0" bev="0" fileid="2" />
                <SequencePoint vc="0" uspid="176" ordinal="5" sl="176" sc="1" el="176" ec="2" bec="0" bev="0" fileid="2" />
                <SequencePoint vc="0" uspid="179" ordinal="6" sl="179" sc="1" el="179" ec="2" bec="2" bev="0" fileid="2" />
                <SequencePoint vc="0" uspid="180" ordinal="7" sl="180" sc="1" el="180" ec="2" bec="0" bev="0" fileid="2" />
                <SequencePoint vc="0" uspid="181" ordinal="8" sl="181" sc="1" el="181" ec="2" bec="0" bev="0" fileid="2" />
                <SequencePoint vc="0" uspid="182" ordinal="9" sl="182" sc="1" el="182" ec="2" bec="0" bev="0" fileid="2" />
                <SequencePoint vc="0" uspid="184" ordinal="10" sl="184" sc="1" el="184" ec="2" bec="0" bev="0" fileid="2" />
                <SequencePoint vc="0" uspid="187" ordinal="11" sl="187" sc="1" el="187" ec="2" bec="2" bev="0" fileid="2" />
                <SequencePoint vc="0" uspid="188" ordinal="12" sl="188" sc="1" el="188" ec="2" bec="0" bev="0" fileid="2" />
                <SequencePoint vc="0" uspid="189" ordinal="13" sl="189" sc="1" el="189" ec="2" bec="2" bev="0" fileid="2" />
                <SequencePoint vc="0" uspid="190" ordinal="14" sl="190" sc="1" el="190" ec="2" bec="0" bev="0" fileid="2" />
                <SequencePoint vc="0" uspid="192" ordinal="15" sl="192" sc="1" el="192" ec="2" bec="0" bev="0" fileid="2" />
                <SequencePoint vc="0" uspid="193" ordinal="16" sl="193" sc="1" el="193" ec="2" bec="0" bev="0" fileid="2" />
                <SequencePoint vc="0" uspid="194" ordinal="17" sl="194" sc="1" el="194" ec="2" bec="2" bev="0" fileid="2" />
                <SequencePoint vc="0" uspid="195" ordinal="18" sl="195" sc="1" el="195" ec="2" bec="0" bev="0" fileid="2" />
                <SequencePoint vc="0" uspid="196" ordinal="19" sl="196" sc="1" el="196" ec="2" bec="0" bev="0" fileid="2" />
                <SequencePoint vc="0" uspid="197" ordinal="20" sl="197" sc="1" el="197" ec="2" bec="0" bev="0" fileid="2" />
                <SequencePoint vc="0" uspid="198" ordinal="21" sl="198" sc="1" el="198" ec="2" bec="0" bev="0" fileid="2" />
                <SequencePoint vc="0" uspid="199" ordinal="22" sl="199" sc="1" el="199" ec="2" bec="0" bev="0" fileid="2" />
                <SequencePoint vc="0" uspid="202" ordinal="23" sl="202" sc="1" el="202" ec="2" bec="0" bev="0" fileid="2" />
                <SequencePoint vc="0" uspid="203" ordinal="24" sl="203" sc="1" el="203" ec="2" bec="2" bev="0" fileid="2" />
                <SequencePoint vc="0" uspid="204" ordinal="25" sl="204" sc="1" el="204" ec="2" bec="0" bev="0" fileid="2" />
                <SequencePoint vc="0" uspid="205" ordinal="26" sl="205" sc="1" el="205" ec="2" bec="0" bev="0" fileid="2" />
                <SequencePoint vc="0" uspid="206" ordinal="27" sl="206" sc="1" el="206" ec="2" bec="2" bev="0" fileid="2" />
                <SequencePoint vc="0" uspid="207" ordinal="28" sl="207" sc="1" el="207" ec="2" bec="0" bev="0" fileid="2" />
                <SequencePoint vc="0" uspid="208" ordinal="29" sl="208" sc="1" el="208" ec="2" bec="2" bev="0" fileid="2" />
                <SequencePoint vc="0" uspid="209" ordinal="30" sl="209" sc="1" el="209" ec="2" bec="0" bev="0" fileid="2" />
                <SequencePoint vc="0" uspid="210" ordinal="31" sl="210" sc="1" el="210" ec="2" bec="0" bev="0" fileid="2" />
                <SequencePoint vc="0" uspid="211" ordinal="32" sl="211" sc="1" el="211" ec="2" bec="0" bev="0" fileid="2" />
                <SequencePoint vc="0" uspid="214" ordinal="33" sl="214" sc="1" el="214" ec="2" bec="0" bev="0" fileid="2" />
                <SequencePoint vc="0" uspid="215" ordinal="34" sl="215" sc="1" el="215" ec="2" bec="0" bev="0" fileid="2" />
                <SequencePoint vc="0" uspid="216" ordinal="35" sl="216" sc="1" el="216" ec="2" bec="0" bev="0" fileid="2" />
                <SequencePoint vc="0" uspid="217" ordinal="36" sl="217" sc="1" el="217" ec="2" bec="0" bev="0" fileid="2" />
                <SequencePoint vc="0" uspid="220" ordinal="37" sl="220" sc="1" el="220" ec="2" bec="2" bev="0" fileid="2" />
                <SequencePoint vc="0" uspid="221" ordinal="38" sl="221" sc="1" el="221" ec="2" bec="0" bev="0" fileid="2" />
                <SequencePoint vc="0" uspid="222" ordinal="39" sl="222" sc="1" el="222" ec="2" bec="0" bev="0" fileid="2" />
                <SequencePoint vc="0" uspid="224" ordinal="40" sl="224" sc="1" el="224" ec="2" bec="0" bev="0" fileid="2" />
                <SequencePoint vc="0" uspid="225" ordinal="41" sl="225" sc="1" el="225" ec="2" bec="0" bev="0" fileid="2" />
                <SequencePoint vc="0" uspid="227" ordinal="42" sl="227" sc="1" el="227" ec="2" bec="0" bev="0" fileid="2" />
                <SequencePoint vc="0" uspid="228" ordinal="43" sl="228" sc="1" el="228" ec="2" bec="0" bev="0" fileid="2" />
              </SequencePoints>
              <BranchPoints>
                <BranchPoint vc="0" uspid="170" ordinal="0" path="0" offset="10" offsetend="12" sl="170" fileid="2" />
                <BranchPoint vc="0" uspid="170" ordinal="1" path="1" offset="10" offsetend="24" sl="170" fileid="2" />
                <BranchPoint vc="0" uspid="179" ordinal="2" path="0" offset="56" offsetend="58" sl="179" fileid="2" />
                <BranchPoint vc="0" uspid="179" ordinal="3" path="1" offset="56" offsetend="80" sl="179" fileid="2" />
                <BranchPoint vc="0" uspid="187" ordinal="4" path="0" offset="99" offsetend="101" sl="187" fileid="2" />
                <BranchPoint vc="0" uspid="189" ordinal="6" path="0" offset="109" offsetend="111" sl="189" fileid="2" />
                <BranchPoint vc="0" uspid="189" ordinal="7" path="1" offset="109" offsetend="118" sl="189" fileid="2" />
                <BranchPoint vc="0" uspid="187" ordinal="5" path="1" offset="99" offsetend="132" sl="187" fileid="2" />
                <BranchPoint vc="0" uspid="194" ordinal="8" path="0" offset="156" offsetend="158" sl="194" fileid="2" />
                <BranchPoint vc="0" uspid="194" ordinal="9" path="1" offset="156" offsetend="202" sl="194" fileid="2" />
                <BranchPoint vc="0" uspid="203" ordinal="10" path="0" offset="219" offsetend="221" sl="203" fileid="2" />
                <BranchPoint vc="0" uspid="206" ordinal="15" path="1" offset="300" offsetend="236" sl="206" fileid="2" />
                <BranchPoint vc="0" uspid="208" ordinal="12" path="0" offset="246" offsetend="248" sl="208" fileid="2" />
                <BranchPoint vc="0" uspid="208" ordinal="13" path="1" offset="246" offsetend="259" sl="208" fileid="2" />
                <BranchPoint vc="0" uspid="206" ordinal="14" path="0" offset="300" offsetend="302" sl="206" fileid="2" />
                <BranchPoint vc="0" uspid="203" ordinal="11" path="1" offset="219" offsetend="312" sl="203" fileid="2" />
                <BranchPoint vc="0" uspid="220" ordinal="16" path="0" offset="337" offsetend="339" sl="220" fileid="2" />
                <BranchPoint vc="0" uspid="220" ordinal="17" path="1" offset="337" offsetend="370" sl="220" fileid="2" />
              </BranchPoints>
              <MethodPoint vc="0" uspid="0" p8:type="SequencePoint" ordinal="3" offset="3" sc="0" sl="169" ec="1" el="228" bec="0" bev="0" fileid="2" xmlns:p8="xsi" />
            </Method>
            <Method cyclomaticComplexity="28" nPathComplexity="28" sequenceCoverage="0" branchCoverage="0" isConstructor="False" isGetter="False" isSetter="False" isStatic="True">
              <Summary numSequencePoints="53" visitedSequencePoints="0" numBranchPoints="28" visitedBranchPoints="0" sequenceCoverage="0" branchCoverage="0" maxCyclomaticComplexity="28" minCyclomaticComplexity="28" visitedClasses="0" numClasses="0" visitedMethods="0" numMethods="1" />
              <MetadataToken />
              <Name>System.String Microsoft.AspNetCore.OpenApi.Generated.&lt;OpenApiXmlCommentSupport_generated&gt;F6CB06318D56BB98369AB87050FF0C9CC474EC73EA0702618DE486DCCB05A10B0__DocumentationCommentIdHelper::GetTypeDocId(System.Type,System.Boolean,System.Boolean)</Name>
              <FileRef uid="2" />
              <SequencePoints>
                <SequencePoint vc="0" uspid="239" ordinal="0" sl="239" sc="1" el="239" ec="2" bec="0" bev="0" fileid="2" />
                <SequencePoint vc="0" uspid="240" ordinal="1" sl="240" sc="1" el="240" ec="2" bec="2" bev="0" fileid="2" />
                <SequencePoint vc="0" uspid="241" ordinal="2" sl="241" sc="1" el="241" ec="2" bec="0" bev="0" fileid="2" />
                <SequencePoint vc="0" uspid="243" ordinal="3" sl="243" sc="1" el="243" ec="2" bec="2" bev="0" fileid="2" />
                <SequencePoint vc="0" uspid="244" ordinal="4" sl="244" sc="1" el="244" ec="2" bec="0" bev="0" fileid="2" />
                <SequencePoint vc="0" uspid="245" ordinal="5" sl="245" sc="1" el="245" ec="2" bec="0" bev="0" fileid="2" />
                <SequencePoint vc="0" uspid="247" ordinal="6" sl="247" sc="1" el="247" ec="2" bec="2" bev="0" fileid="2" />
                <SequencePoint vc="0" uspid="248" ordinal="7" sl="248" sc="1" el="248" ec="2" bec="0" bev="0" fileid="2" />
                <SequencePoint vc="0" uspid="249" ordinal="8" sl="249" sc="1" el="249" ec="2" bec="0" bev="0" fileid="2" />
                <SequencePoint vc="0" uspid="252" ordinal="9" sl="252" sc="1" el="252" ec="2" bec="0" bev="0" fileid="2" />
                <SequencePoint vc="0" uspid="253" ordinal="10" sl="253" sc="1" el="253" ec="2" bec="0" bev="0" fileid="2" />
                <SequencePoint vc="0" uspid="257" ordinal="11" sl="257" sc="1" el="257" ec="2" bec="2" bev="0" fileid="2" />
                <SequencePoint vc="0" uspid="258" ordinal="12" sl="258" sc="1" el="258" ec="2" bec="0" bev="0" fileid="2" />
                <SequencePoint vc="0" uspid="259" ordinal="13" sl="259" sc="1" el="259" ec="2" bec="0" bev="0" fileid="2" />
                <SequencePoint vc="0" uspid="260" ordinal="14" sl="260" sc="1" el="260" ec="2" bec="2" bev="0" fileid="2" />
                <SequencePoint vc="0" uspid="262" ordinal="15" sl="262" sc="1" el="262" ec="2" bec="0" bev="0" fileid="2" />
                <SequencePoint vc="0" uspid="265" ordinal="16" sl="265" sc="1" el="265" ec="2" bec="2" bev="0" fileid="2" />
                <SequencePoint vc="0" uspid="266" ordinal="17" sl="266" sc="1" el="266" ec="2" bec="0" bev="0" fileid="2" />
                <SequencePoint vc="0" uspid="267" ordinal="18" sl="267" sc="1" el="267" ec="2" bec="0" bev="0" fileid="2" />
                <SequencePoint vc="0" uspid="268" ordinal="19" sl="268" sc="1" el="268" ec="2" bec="2" bev="0" fileid="2" />
                <SequencePoint vc="0" uspid="269" ordinal="20" sl="269" sc="1" el="269" ec="2" bec="0" bev="0" fileid="2" />
                <SequencePoint vc="0" uspid="270" ordinal="21" sl="270" sc="1" el="270" ec="2" bec="0" bev="0" fileid="2" />
                <SequencePoint vc="0" uspid="271" ordinal="22" sl="271" sc="1" el="271" ec="2" bec="0" bev="0" fileid="2" />
                <SequencePoint vc="0" uspid="272" ordinal="23" sl="272" sc="1" el="272" ec="2" bec="2" bev="0" fileid="2" />
                <SequencePoint vc="0" uspid="273" ordinal="24" sl="273" sc="1" el="273" ec="2" bec="0" bev="0" fileid="2" />
                <SequencePoint vc="0" uspid="274" ordinal="25" sl="274" sc="1" el="274" ec="2" bec="0" bev="0" fileid="2" />
                <SequencePoint vc="0" uspid="277" ordinal="26" sl="277" sc="1" el="277" ec="2" bec="0" bev="0" fileid="2" />
                <SequencePoint vc="0" uspid="278" ordinal="27" sl="278" sc="1" el="278" ec="2" bec="0" bev="0" fileid="2" />
                <SequencePoint vc="0" uspid="279" ordinal="28" sl="279" sc="1" el="279" ec="2" bec="0" bev="0" fileid="2" />
                <SequencePoint vc="0" uspid="280" ordinal="29" sl="280" sc="1" el="280" ec="2" bec="0" bev="0" fileid="2" />
                <SequencePoint vc="0" uspid="282" ordinal="30" sl="282" sc="1" el="282" ec="2" bec="2" bev="0" fileid="2" />
                <SequencePoint vc="0" uspid="283" ordinal="31" sl="283" sc="1" el="283" ec="2" bec="0" bev="0" fileid="2" />
                <SequencePoint vc="0" uspid="284" ordinal="32" sl="284" sc="1" el="284" ec="2" bec="0" bev="0" fileid="2" />
                <SequencePoint vc="0" uspid="285" ordinal="33" sl="285" sc="1" el="285" ec="2" bec="0" bev="0" fileid="2" />
                <SequencePoint vc="0" uspid="286" ordinal="34" sl="286" sc="1" el="286" ec="2" bec="0" bev="0" fileid="2" />
                <SequencePoint vc="0" uspid="287" ordinal="35" sl="287" sc="1" el="287" ec="2" bec="0" bev="0" fileid="2" />
                <SequencePoint vc="0" uspid="289" ordinal="36" sl="289" sc="1" el="289" ec="2" bec="4" bev="0" fileid="2" />
                <SequencePoint vc="0" uspid="290" ordinal="37" sl="290" sc="1" el="290" ec="2" bec="0" bev="0" fileid="2" />
                <SequencePoint vc="0" uspid="291" ordinal="38" sl="291" sc="1" el="291" ec="2" bec="0" bev="0" fileid="2" />
                <SequencePoint vc="0" uspid="292" ordinal="39" sl="292" sc="1" el="292" ec="2" bec="0" bev="0" fileid="2" />
                <SequencePoint vc="0" uspid="294" ordinal="40" sl="294" sc="1" el="294" ec="2" bec="2" bev="0" fileid="2" />
                <SequencePoint vc="0" uspid="295" ordinal="41" sl="295" sc="1" el="295" ec="2" bec="0" bev="0" fileid="2" />
                <SequencePoint vc="0" uspid="296" ordinal="42" sl="296" sc="1" el="296" ec="2" bec="2" bev="0" fileid="2" />
                <SequencePoint vc="0" uspid="297" ordinal="43" sl="297" sc="1" el="297" ec="2" bec="0" bev="0" fileid="2" />
                <SequencePoint vc="0" uspid="298" ordinal="44" sl="298" sc="1" el="298" ec="2" bec="0" bev="0" fileid="2" />
                <SequencePoint vc="0" uspid="299" ordinal="45" sl="299" sc="1" el="299" ec="2" bec="0" bev="0" fileid="2" />
                <SequencePoint vc="0" uspid="301" ordinal="46" sl="301" sc="1" el="301" ec="2" bec="0" bev="0" fileid="2" />
                <SequencePoint vc="0" uspid="302" ordinal="47" sl="302" sc="1" el="302" ec="2" bec="0" bev="0" fileid="2" />
                <SequencePoint vc="0" uspid="304" ordinal="48" sl="304" sc="1" el="304" ec="2" bec="0" bev="0" fileid="2" />
                <SequencePoint vc="0" uspid="305" ordinal="49" sl="305" sc="1" el="305" ec="2" bec="0" bev="0" fileid="2" />
                <SequencePoint vc="0" uspid="307" ordinal="50" sl="307" sc="1" el="307" ec="2" bec="0" bev="0" fileid="2" />
                <SequencePoint vc="0" uspid="311" ordinal="51" sl="311" sc="1" el="311" ec="2" bec="2" bev="0" fileid="2" />
                <SequencePoint vc="0" uspid="312" ordinal="52" sl="312" sc="1" el="312" ec="2" bec="0" bev="0" fileid="2" />
              </SequencePoints>
              <BranchPoints>
                <BranchPoint vc="0" uspid="240" ordinal="0" path="0" offset="9" offsetend="11" sl="240" fileid="2" />
                <BranchPoint vc="0" uspid="243" ordinal="2" path="0" offset="26" offsetend="28" sl="243" fileid="2" />
                <BranchPoint vc="0" uspid="243" ordinal="3" path="1" offset="26" offsetend="59" sl="243" fileid="2" />
                <BranchPoint vc="0" uspid="247" ordinal="4" path="0" offset="75" offsetend="77" sl="247" fileid="2" />
                <BranchPoint vc="0" uspid="247" ordinal="5" path="1" offset="75" offsetend="108" sl="247" fileid="2" />
                <BranchPoint vc="0" uspid="240" ordinal="1" path="1" offset="9" offsetend="121" sl="240" fileid="2" />
                <BranchPoint vc="0" uspid="257" ordinal="6" path="0" offset="131" offsetend="136" sl="257" fileid="2" />
                <BranchPoint vc="0" uspid="260" ordinal="8" path="0" offset="153" offsetend="155" sl="260" fileid="2" />
                <BranchPoint vc="0" uspid="260" ordinal="9" path="1" offset="153" offsetend="163" sl="260" fileid="2" />
                <BranchPoint vc="0" uspid="265" ordinal="15" path="1" offset="271" offsetend="184" sl="265" fileid="2" />
                <BranchPoint vc="0" uspid="268" ordinal="10" path="0" offset="206" offsetend="208" sl="268" fileid="2" />
                <BranchPoint vc="0" uspid="268" ordinal="11" path="1" offset="206" offsetend="222" sl="268" fileid="2" />
                <BranchPoint vc="0" uspid="272" ordinal="12" path="0" offset="232" offsetend="234" sl="272" fileid="2" />
                <BranchPoint vc="0" uspid="272" ordinal="13" path="1" offset="232" offsetend="237" sl="272" fileid="2" />
                <BranchPoint vc="0" uspid="265" ordinal="14" path="0" offset="271" offsetend="273" sl="265" fileid="2" />
                <BranchPoint vc="0" uspid="282" ordinal="16" path="0" offset="281" offsetend="283" sl="282" fileid="2" />
                <BranchPoint vc="0" uspid="282" ordinal="17" path="1" offset="281" offsetend="331" sl="282" fileid="2" />
                <BranchPoint vc="0" uspid="289" ordinal="18" path="0" offset="332" offsetend="334" sl="289" fileid="2" />
                <BranchPoint vc="0" uspid="289" ordinal="19" path="1" offset="332" offsetend="345" sl="289" fileid="2" />
                <BranchPoint vc="0" uspid="289" ordinal="20" path="0" offset="350" offsetend="352" sl="289" fileid="2" />
                <BranchPoint vc="0" uspid="294" ordinal="25" path="1" offset="439" offsetend="376" sl="294" fileid="2" />
                <BranchPoint vc="0" uspid="296" ordinal="22" path="0" offset="386" offsetend="388" sl="296" fileid="2" />
                <BranchPoint vc="0" uspid="296" ordinal="23" path="1" offset="386" offsetend="400" sl="296" fileid="2" />
                <BranchPoint vc="0" uspid="294" ordinal="24" path="0" offset="439" offsetend="441" sl="294" fileid="2" />
                <BranchPoint vc="0" uspid="289" ordinal="21" path="1" offset="350" offsetend="452" sl="289" fileid="2" />
                <BranchPoint vc="0" uspid="257" ordinal="7" path="1" offset="131" offsetend="462" sl="257" fileid="2" />
                <BranchPoint vc="0" uspid="311" ordinal="26" path="0" offset="469" offsetend="471" sl="311" fileid="2" />
                <BranchPoint vc="0" uspid="311" ordinal="27" path="1" offset="469" offsetend="478" sl="311" fileid="2" />
              </BranchPoints>
              <MethodPoint vc="0" uspid="0" p8:type="SequencePoint" ordinal="4" offset="4" sc="0" sl="239" ec="1" el="312" bec="0" bev="0" fileid="2" xmlns:p8="xsi" />
            </Method>
            <Method cyclomaticComplexity="6" nPathComplexity="6" sequenceCoverage="0" branchCoverage="0" isConstructor="False" isGetter="False" isSetter="False" isStatic="True">
              <Summary numSequencePoints="10" visitedSequencePoints="0" numBranchPoints="6" visitedBranchPoints="0" sequenceCoverage="0" branchCoverage="0" maxCyclomaticComplexity="6" minCyclomaticComplexity="6" visitedClasses="0" numClasses="0" visitedMethods="0" numMethods="1" />
              <MetadataToken />
              <Name>System.String Microsoft.AspNetCore.OpenApi.Generated.&lt;OpenApiXmlCommentSupport_generated&gt;F6CB06318D56BB98369AB87050FF0C9CC474EC73EA0702618DE486DCCB05A10B0__DocumentationCommentIdHelper::NormalizeDocId(System.String)</Name>
              <FileRef uid="2" />
              <SequencePoints>
[...]
              <SequencePoints>
                <SequencePoint vc="0" uspid="55" ordinal="0" sl="55" sc="1" el="55" ec="2" bec="0" bev="0" fileid="61" />
                <SequencePoint vc="0" uspid="56" ordinal="1" sl="56" sc="1" el="56" ec="2" bec="0" bev="0" fileid="61" />
                <SequencePoint vc="0" uspid="58" ordinal="2" sl="58" sc="1" el="58" ec="2" bec="4" bev="0" fileid="61" />
                <SequencePoint vc="0" uspid="59" ordinal="3" sl="59" sc="1" el="59" ec="2" bec="0" bev="0" fileid="61" />
                <SequencePoint vc="0" uspid="60" ordinal="4" sl="60" sc="1" el="60" ec="2" bec="0" bev="0" fileid="61" />
                <SequencePoint vc="0" uspid="63" ordinal="5" sl="63" sc="1" el="63" ec="2" bec="2" bev="0" fileid="61" />
                <SequencePoint vc="0" uspid="64" ordinal="6" sl="64" sc="1" el="64" ec="2" bec="0" bev="0" fileid="61" />
                <SequencePoint vc="0" uspid="65" ordinal="7" sl="65" sc="1" el="65" ec="2" bec="0" bev="0" fileid="61" />
                <SequencePoint vc="0" uspid="67" ordinal="8" sl="67" sc="1" el="67" ec="2" bec="4" bev="0" fileid="61" />
                <SequencePoint vc="0" uspid="68" ordinal="9" sl="68" sc="1" el="68" ec="2" bec="0" bev="0" fileid="61" />
                <SequencePoint vc="0" uspid="69" ordinal="10" sl="69" sc="1" el="69" ec="2" bec="0" bev="0" fileid="61" />
                <SequencePoint vc="0" uspid="71" ordinal="11" sl="71" sc="1" el="71" ec="2" bec="0" bev="0" fileid="61" />
                <SequencePoint vc="0" uspid="73" ordinal="12" sl="73" sc="1" el="73" ec="2" bec="0" bev="0" fileid="61" />
                <SequencePoint vc="0" uspid="74" ordinal="13" sl="74" sc="1" el="74" ec="2" bec="0" bev="0" fileid="61" />
              </SequencePoints>
              <BranchPoints>
                <BranchPoint vc="0" uspid="58" ordinal="0" path="0" offset="172" offsetend="174" sl="58" fileid="61" />
                <BranchPoint vc="0" uspid="58" ordinal="1" path="1" offset="172" offsetend="201" sl="58" fileid="61" />
                <BranchPoint vc="0" uspid="58" ordinal="2" path="0" offset="206" offsetend="208" sl="58" fileid="61" />
                <BranchPoint vc="0" uspid="58" ordinal="3" path="1" offset="206" offsetend="226" sl="58" fileid="61" />
                <BranchPoint vc="0" uspid="63" ordinal="4" path="0" offset="251" offsetend="253" sl="63" fileid="61" />
                <BranchPoint vc="0" uspid="67" ordinal="6" path="0" offset="282" offsetend="284" sl="67" fileid="61" />
                <BranchPoint vc="0" uspid="67" ordinal="7" path="1" offset="282" offsetend="313" sl="67" fileid="61" />
                <BranchPoint vc="0" uspid="67" ordinal="8" path="0" offset="318" offsetend="320" sl="67" fileid="61" />
                <BranchPoint vc="0" uspid="67" ordinal="9" path="1" offset="318" offsetend="335" sl="67" fileid="61" />
                <BranchPoint vc="0" uspid="63" ordinal="5" path="1" offset="251" offsetend="336" sl="63" fileid="61" />
              </BranchPoints>
              <MethodPoint vc="0" uspid="0" p8:type="SequencePoint" ordinal="0" offset="0" sc="0" sl="55" ec="1" el="74" bec="0" bev="0" fileid="61" xmlns:p8="xsi" />
            </Method>
          </Methods>
        </Class>
        <Class>
          <Summary numSequencePoints="22" visitedSequencePoints="0" numBranchPoints="8" visitedBranchPoints="0" sequenceCoverage="0" branchCoverage="0" maxCyclomaticComplexity="8" minCyclomaticComplexity="8" visitedClasses="0" numClasses="1" visitedMethods="0" numMethods="1" />
          <FullName>HealthAxis.API.Controllers.HealthRecordsController/&lt;GetHealthRecordsByPatientId&gt;d__2</FullName>
          <Methods>
            <Method cyclomaticComplexity="8" nPathComplexity="8" sequenceCoverage="0" branchCoverage="0" isConstructor="False" isGetter="False" isSetter="False" isStatic="True">
              <Summary numSequencePoints="22" visitedSequencePoints="0" numBranchPoints="8" visitedBranchPoints="0" sequenceCoverage="0" branchCoverage="0" maxCyclomaticComplexity="8" minCyclomaticComplexity="8" visitedClasses="0" numClasses="0" visitedMethods="0" numMethods="1" />
              <MetadataToken />
              <Name>System.Void HealthAxis.API.Controllers.HealthRecordsController/&lt;GetHealthRecordsByPatientId&gt;d__2::MoveNext()</Name>
              <FileRef uid="61" />
              <SequencePoints>
                <SequencePoint vc="0" uspid="20" ordinal="0" sl="20" sc="1" el="20" ec="2" bec="0" bev="0" fileid="61" />
                <SequencePoint vc="0" uspid="21" ordinal="1" sl="21" sc="1" el="21" ec="2" bec="2" bev="0" fileid="61" />
                <SequencePoint vc="0" uspid="22" ordinal="2" sl="22" sc="1" el="22" ec="2" bec="0" bev="0" fileid="61" />
                <SequencePoint vc="0" uspid="23" ordinal="3" sl="23" sc="1" el="23" ec="2" bec="2" bev="0" fileid="61" />
                <SequencePoint vc="0" uspid="24" ordinal="4" sl="24" sc="1" el="24" ec="2" bec="0" bev="0" fileid="61" />
                <SequencePoint vc="0" uspid="25" ordinal="5" sl="25" sc="1" el="25" ec="2" bec="0" bev="0" fileid="61" />
                <SequencePoint vc="0" uspid="28" ordinal="6" sl="28" sc="1" el="28" ec="2" bec="0" bev="0" fileid="61" />
                <SequencePoint vc="0" uspid="29" ordinal="7" sl="29" sc="1" el="29" ec="2" bec="0" bev="0" fileid="61" />
                <SequencePoint vc="0" uspid="32" ordinal="8" sl="32" sc="1" el="32" ec="2" bec="2" bev="0" fileid="61" />
                <SequencePoint vc="0" uspid="33" ordinal="9" sl="33" sc="1" el="33" ec="2" bec="0" bev="0" fileid="61" />
                <SequencePoint vc="0" uspid="34" ordinal="10" sl="34" sc="1" el="34" ec="2" bec="0" bev="0" fileid="61" />
                <SequencePoint vc="0" uspid="36" ordinal="11" sl="36" sc="1" el="36" ec="2" bec="2" bev="0" fileid="61" />
                <SequencePoint vc="0" uspid="37" ordinal="12" sl="37" sc="1" el="37" ec="2" bec="0" bev="0" fileid="61" />
                <SequencePoint vc="0" uspid="38" ordinal="13" sl="38" sc="1" el="38" ec="2" bec="0" bev="0" fileid="61" />
                <SequencePoint vc="0" uspid="41" ordinal="14" sl="41" sc="1" el="41" ec="2" bec="0" bev="0" fileid="61" />
                <SequencePoint vc="0" uspid="42" ordinal="15" sl="42" sc="1" el="42" ec="2" bec="0" bev="0" fileid="61" />
                <SequencePoint vc="0" uspid="43" ordinal="16" sl="43" sc="1" el="43" ec="2" bec="0" bev="0" fileid="61" />
                <SequencePoint vc="0" uspid="44" ordinal="17" sl="44" sc="1" el="44" ec="2" bec="0" bev="0" fileid="61" />
                <SequencePoint vc="0" uspid="45" ordinal="18" sl="45" sc="1" el="45" ec="2" bec="0" bev="0" fileid="61" />
                <SequencePoint vc="0" uspid="47" ordinal="19" sl="47" sc="1" el="47" ec="2" bec="0" bev="0" fileid="61" />
                <SequencePoint vc="0" uspid="50" ordinal="20" sl="50" sc="1" el="50" ec="2" bec="0" bev="0" fileid="61" />
                <SequencePoint vc="0" uspid="51" ordinal="21" sl="51" sc="1" el="51" ec="2" bec="0" bev="0" fileid="61" />
              </SequencePoints>
              <BranchPoints>
                <BranchPoint vc="0" uspid="21" ordinal="0" path="0" offset="52" offsetend="57" sl="21" fileid="61" />
                <BranchPoint vc="0" uspid="23" ordinal="2" path="0" offset="80" offsetend="82" sl="23" fileid="61" />
                <BranchPoint vc="0" uspid="23" ordinal="3" path="1" offset="80" offsetend="100" sl="23" fileid="61" />
                <BranchPoint vc="0" uspid="21" ordinal="1" path="1" offset="52" offsetend="269" sl="21" fileid="61" />
                <BranchPoint vc="0" uspid="32" ordinal="4" path="0" offset="294" offsetend="299" sl="32" fileid="61" />
                <BranchPoint vc="0" uspid="36" ordinal="6" path="0" offset="335" offsetend="337" sl="36" fileid="61" />
                <BranchPoint vc="0" uspid="36" ordinal="7" path="1" offset="335" offsetend="355" sl="36" fileid="61" />
                <BranchPoint vc="0" uspid="32" ordinal="5" path="1" offset="294" offsetend="532" sl="32" fileid="61" />
              </BranchPoints>
              <MethodPoint vc="0" uspid="0" p8:type="SequencePoint" ordinal="0" offset="0" sc="0" sl="20" ec="1" el="51" bec="0" bev="0" fileid="61" xmlns:p8="xsi" />
            </Method>
          </Methods>
        </Class>
        <Class>
          <Summary numSequencePoints="6" visitedSequencePoints="0" numBranchPoints="2" visitedBranchPoints="0" sequenceCoverage="0" branchCoverage="0" maxCyclomaticComplexity="2" minCyclomaticComplexity="1" visitedClasses="0" numClasses="1" visitedMethods="0" numMethods="2" />
          <FullName>HealthAxis.API.Controllers.PatientsController</FullName>
          <Methods>
            <Method cyclomaticComplexity="2" nPathComplexity="2" sequenceCoverage="0" branchCoverage="0" isConstructor="False" isGetter="False" isSetter="False" isStatic="True">
              <Summary numSequencePoints="5" visitedSequencePoints="0" numBranchPoints="2" visitedBranchPoints="0" sequenceCoverage="0" branchCoverage="0" maxCyclomaticComplexity="2" minCyclomaticComplexity="2" visitedClasses="0" numClasses="0" visitedMethods="0" numMethods="1" />
              <MetadataToken />
              <Name>System.Boolean HealthAxis.API.Controllers.PatientsController::IsOwnPatientId(System.Int32)</Name>
              <FileRef uid="62" />
              <SequencePoints>
                <SequencePoint vc="0" uspid="61" ordinal="0" sl="61" sc="1" el="61" ec="2" bec="0" bev="0" fileid="62" />
                <SequencePoint vc="0" uspid="62" ordinal="1" sl="62" sc="1" el="62" ec="2" bec="0" bev="0" fileid="62" />
                <SequencePoint vc="0" uspid="64" ordinal="2" sl="64" sc="1" el="64" ec="2" bec="2" bev="0" fileid="62" />
                <SequencePoint vc="0" uspid="65" ordinal="3" sl="65" sc="1" el="65" ec="2" bec="0" bev="0" fileid="62" />
                <SequencePoint vc="0" uspid="66" ordinal="4" sl="66" sc="1" el="66" ec="2" bec="0" bev="0" fileid="62" />
              </SequencePoints>
              <BranchPoints>
                <BranchPoint vc="0" uspid="64" ordinal="0" path="0" offset="26" offsetend="28" sl="64" fileid="62" />
                <BranchPoint vc="0" uspid="64" ordinal="1" path="1" offset="26" offsetend="34" sl="64" fileid="62" />
              </BranchPoints>
              <MethodPoint vc="0" uspid="0" p8:type="SequencePoint" ordinal="0" offset="0" sc="0" sl="61" ec="1" el="66" bec="0" bev="0" fileid="62" xmlns:p8="xsi" />
            </Method>
            <Method cyclomaticComplexity="1" nPathComplexity="1" sequenceCoverage="0" branchCoverage="100" isConstructor="True" isGetter="False" isSetter="False" isStatic="True">
              <Summary numSequencePoints="1" visitedSequencePoints="0" numBranchPoints="0" visitedBranchPoints="0" sequenceCoverage="0" branchCoverage="100" maxCyclomaticComplexity="1" minCyclomaticComplexity="1" visitedClasses="0" numClasses="0" visitedMethods="0" numMethods="1" />
              <MetadataToken />
              <Name>System.Void HealthAxis.API.Controllers.PatientsController::.ctor(HealthAxis.API.Services.IPatientService)</Name>
              <FileRef uid="62" />
              <SequencePoints>
                <SequencePoint vc="0" uspid="14" ordinal="0" sl="14" sc="1" el="14" ec="2" bec="0" bev="0" fileid="62" />
              </SequencePoints>
              <BranchPoints />
              <MethodPoint vc="0" uspid="0" p8:type="SequencePoint" ordinal="1" offset="1" sc="0" sl="14" ec="1" el="14" bec="0" bev="0" fileid="62" xmlns:p8="xsi" />
            </Method>
          </Methods>
        </Class>
        <Class>
          <Summary numSequencePoints="7" visitedSequencePoints="0" numBranchPoints="4" visitedBranchPoints="0" sequenceCoverage="0" branchCoverage="0" maxCyclomaticComplexity="4" minCyclomaticComplexity="4" visitedClasses="0" numClasses="1" visitedMethods="0" numMethods="1" />
          <FullName>HealthAxis.API.Controllers.PatientsController/&lt;GetPatientById&gt;d__2</FullName>
          <Methods>
            <Method cyclomaticComplexity="4" nPathComplexity="4" sequenceCoverage="0" branchCoverage="0" isConstructor="False" isGetter="False" isSetter="False" isStatic="True">
              <Summary numSequencePoints="7" visitedSequencePoints="0" numBranchPoints="4" visitedBranchPoints="0" sequenceCoverage="0" branchCoverage="0" maxCyclomaticComplexity="4" minCyclomaticComplexity="4" visitedClasses="0" numClasses="0" visitedMethods="0" numMethods="1" />
              <MetadataToken />
              <Name>System.Void HealthAxis.API.Controllers.PatientsController/&lt;GetPatientById&gt;d__2::MoveNext()</Name>
              <FileRef uid="62" />
              <SequencePoints>
                <SequencePoint vc="0" uspid="19" ordinal="0" sl="19" sc="1" el="19" ec="2" bec="0" bev="0" fileid="62" />
                <SequencePoint vc="0" uspid="20" ordinal="1" sl="20" sc="1" el="20" ec="2" bec="4" bev="0" fileid="62" />
                <SequencePoint vc="0" uspid="21" ordinal="2" sl="21" sc="1" el="21" ec="2" bec="0" bev="0" fileid="62" />
                <SequencePoint vc="0" uspid="22" ordinal="3" sl="22" sc="1" el="22" ec="2" bec="0" bev="0" fileid="62" />
                <SequencePoint vc="0" uspid="25" ordinal="4" sl="25" sc="1" el="25" ec="2" bec="0" bev="0" fileid="62" />
                <SequencePoint vc="0" uspid="27" ordinal="5" sl="27" sc="1" el="27" ec="2" bec="0" bev="0" fileid="62" />
                <SequencePoint vc="0" uspid="28" ordinal="6" sl="28" sc="1" el="28" ec="2" bec="0" bev="0" fileid="62" />
              </SequencePoints>
              <BranchPoints>
                <BranchPoint vc="0" uspid="20" ordinal="0" path="0" offset="39" offsetend="41" sl="20" fileid="62" />
                <BranchPoint vc="0" uspid="20" ordinal="1" path="1" offset="39" offsetend="63" sl="20" fileid="62" />
                <BranchPoint vc="0" uspid="20" ordinal="2" path="0" offset="66" offsetend="68" sl="20" fileid="62" />
                <BranchPoint vc="0" uspid="20" ordinal="3" path="1" offset="66" offsetend="86" sl="20" fileid="62" />
              </BranchPoints>
              <MethodPoint vc="0" uspid="0" p8:type="SequencePoint" ordinal="0" offset="0" sc="0" sl="19" ec="1" el="28" bec="0" bev="0" fileid="62" xmlns:p8="xsi" />
            </Method>
          </Methods>
        </Class>
        <Class>
          <Summary numSequencePoints="7" visitedSequencePoints="0" numBranchPoints="4" visitedBranchPoints="0" sequenceCoverage="0" branchCoverage="0" maxCyclomaticComplexity="4" minCyclomaticComplexity="4" visitedClasses="0" numClasses="1" visitedMethods="0" numMethods="1" />
          <FullName>HealthAxis.API.Controllers.PatientsController/&lt;GetPatientHealthRecords&gt;d__4</FullName>
          <Methods>
            <Method cyclomaticComplexity="4" nPathComplexity="4" sequenceCoverage="0" branchCoverage="0" isConstructor="False" isGetter="False" isSetter="False" isStatic="True">
              <Summary numSequencePoints="7" visitedSequencePoints="0" numBranchPoints="4" visitedBranchPoints="0" sequenceCoverage="0" branchCoverage="0" maxCyclomaticComplexity="4" minCyclomaticComplexity="4" visitedClasses="0" numClasses="0" visitedMethods="0" numMethods="1" />
              <MetadataToken />
              <Name>System.Void HealthAxis.API.Controllers.PatientsController/&lt;GetPatientHealthRecords&gt;d__4::MoveNext()</Name>
              <FileRef uid="62" />
              <SequencePoints>
                <SequencePoint vc="0" uspid="49" ordinal="0" sl="49" sc="1" el="49" ec="2" bec="0" bev="0" fileid="62" />
                <SequencePoint vc="0" uspid="50" ordinal="1" sl="50" sc="1" el="50" ec="2" bec="4" bev="0" fileid="62" />
                <SequencePoint vc="0" uspid="51" ordinal="2" sl="51" sc="1" el="51" ec="2" bec="0" bev="0" fileid="62" />
                <SequencePoint vc="0" uspid="52" ordinal="3" sl="52" sc="1" el="52" ec="2" bec="0" bev="0" fileid="62" />
                <SequencePoint vc="0" uspid="55" ordinal="4" sl="55" sc="1" el="55" ec="2" bec="0" bev="0" fileid="62" />
                <SequencePoint vc="0" uspid="57" ordinal="5" sl="57" sc="1" el="57" ec="2" bec="0" bev="0" fileid="62" />
                <SequencePoint vc="0" uspid="58" ordinal="6" sl="58" sc="1" el="58" ec="2" bec="0" bev="0" fileid="62" />
              </SequencePoints>
              <BranchPoints>
                <BranchPoint vc="0" uspid="50" ordinal="0" path="0" offset="39" offsetend="41" sl="50" fileid="62" />
                <BranchPoint vc="0" uspid="50" ordinal="1" path="1" offset="39" offsetend="63" sl="50" fileid="62" />
                <BranchPoint vc="0" uspid="50" ordinal="2" path="0" offset="66" offsetend="68" sl="50" fileid="62" />
                <BranchPoint vc="0" uspid="50" ordinal="3" path="1" offset="66" offsetend="86" sl="50" fileid="62" />
              </BranchPoints>
              <MethodPoint vc="0" uspid="0" p8:type="SequencePoint" ordinal="0" offset="0" sc="0" sl="49" ec="1" el="58" bec="0" bev="0" fileid="62" xmlns:p8="xsi" />
            </Method>
          </Methods>
        </Class>
        <Class>
          <Summary numSequencePoints="7" visitedSequencePoints="0" numBranchPoints="4" visitedBranchPoints="0" sequenceCoverage="0" branchCoverage="0" maxCyclomaticComplexity="4" minCyclomaticComplexity="4" visitedClasses="0" numClasses="1" visitedMethods="0" numMethods="1" />
          <FullName>HealthAxis.API.Controllers.PatientsController/&lt;UpdatePatient&gt;d__3</FullName>
          <Methods>
            <Method cyclomaticComplexity="4" nPathComplexity="4" sequenceCoverage="0" branchCoverage="0" isConstructor="False" isGetter="False" isSetter="False" isStatic="True">
              <Summary numSequencePoints="7" visitedSequencePoints="0" numBranchPoints="4" visitedBranchPoints="0" sequenceCoverage="0" branchCoverage="0" maxCyclomaticComplexity="4" minCyclomaticComplexity="4" visitedClasses="0" numClasses="0" visitedMethods="0" numMethods="1" />
              <MetadataToken />
              <Name>System.Void HealthAxis.API.Controllers.PatientsController/&lt;UpdatePatient&gt;d__3::MoveNext()</Name>
              <FileRef uid="62" />
              <SequencePoints>
                <SequencePoint vc="0" uspid="33" ordinal="0" sl="33" sc="1" el="33" ec="2" bec="0" bev="0" fileid="62" />
                <SequencePoint vc="0" uspid="34" ordinal="1" sl="34" sc="1" el="34" ec="2" bec="4" bev="0" fileid="62" />
                <SequencePoint vc="0" uspid="35" ordinal="2" sl="35" sc="1" el="35" ec="2" bec="0" bev="0" fileid="62" />
                <SequencePoint vc="0" uspid="36" ordinal="3" sl="36" sc="1" el="36" ec="2" bec="0" bev="0" fileid="62" />
                <SequencePoint vc="0" uspid="39" ordinal="4" sl="39" sc="1" el="39" ec="2" bec="0" bev="0" fileid="62" />
                <SequencePoint vc="0" uspid="41" ordinal="5" sl="41" sc="1" el="41" ec="2" bec="0" bev="0" fileid="62" />
                <SequencePoint vc="0" uspid="42" ordinal="6" sl="42" sc="1" el="42" ec="2" bec="0" bev="0" fileid="62" />
              </SequencePoints>
              <BranchPoints>
                <BranchPoint vc="0" uspid="34" ordinal="0" path="0" offset="39" offsetend="41" sl="34" fileid="62" />
                <BranchPoint vc="0" uspid="34" ordinal="1" path="1" offset="39" offsetend="63" sl="34" fileid="62" />
                <BranchPoint vc="0" uspid="34" ordinal="2" path="0" offset="66" offsetend="68" sl="34" fileid="62" />
                <BranchPoint vc="0" uspid="34" ordinal="3" path="1" offset="66" offsetend="86" sl="34" fileid="62" />
              </BranchPoints>
              <MethodPoint vc="0" uspid="0" p8:type="SequencePoint" ordinal="0" offset="0" sc="0" sl="33" ec="1" el="42" bec="0" bev="0" fileid="62" xmlns:p8="xsi" />
            </Method>
          </Methods>
        </Class>
      </Classes>
    </Module>
  </Modules>
</CoverageSession>